mode: atomic
appointment-platform-backend-backend/internal/application/app.go:68.35,116.2 9 0
appointment-platform-backend-backend/internal/application/app.go:121.16,133.2 5 0
appointment-platform-backend-backend/internal/application/app.go:137.12,143.2 2 0
appointment-platform-backend-backend/internal/application/app.go:147.12,153.2 2 0
appointment-platform-backend-backend/internal/application/app.go:163.12,207.2 18 0
appointment-platform-backend-backend/internal/application/usecase/patient/create_patient.usecase.go:19.56,23.2 1 0
appointment-platform-backend-backend/internal/application/usecase/patient/create_patient.usecase.go:25.100,41.2 4 0
appointment-platform-backend-backend/internal/application/usecase/patient/delete_patient.usecase.go:16.56,20.2 1 0
appointment-platform-backend-backend/internal/application/usecase/patient/delete_patient.usecase.go:22.100,26.2 2 0
appointment-platform-backend-backend/internal/application/usecase/patient/edit_patient.usecase.go:16.54,20.2 1 0
appointment-platform-backend-backend/internal/application/usecase/patient/edit_patient.usecase.go:22.96,26.2 2 0
appointment-platform-backend-backend/internal/application/usecase/patient/list_patient.usecase.go:17.54,21.2 1 0
appointment-platform-backend-backend/internal/application/usecase/patient/list_patient.usecase.go:23.136,34.38 5 0
appointment-platform-backend-backend/internal/application/usecase/patient/list_patient.usecase.go:34.38,36.3 1 0
appointment-platform-backend-backend/internal/application/usecase/patient/list_patient.usecase.go:38.2,40.16 2 0
appointment-platform-backend-backend/internal/application/usecase/patient/list_patient.usecase.go:40.16,42.3 1 0
appointment-platform-backend-backend/internal/application/usecase/patient/list_patient.usecase.go:44.2,44.35 1 0
appointment-platform-backend-backend/internal/application/usecase/patient/list_patient.usecase.go:44.35,53.3 1 0
appointment-platform-backend-backend/internal/application/usecase/patient/list_patient.usecase.go:55.2,60.8 2 0
appointment-platform-backend-backend/internal/domain/entity/appointment.go:29.16,45.2 2 0
appointment-platform-backend-backend/internal/domain/entity/patient.go:21.12,32.2 2 0
appointment-platform-backend-backend/internal/domain/entity/reset_password_code.go:21.31,24.16 2 0
appointment-platform-backend-backend/internal/domain/entity/reset_password_code.go:24.16,26.3 1 0
appointment-platform-backend-backend/internal/domain/entity/reset_password_code.go:28.2,38.20 3 0
appointment-platform-backend-backend/internal/domain/entity/reset_password_code.go:41.54,44.30 3 0
appointment-platform-backend-backend/internal/domain/entity/reset_password_code.go:44.30,46.17 2 0
appointment-platform-backend-backend/internal/domain/entity/reset_password_code.go:46.17,48.4 1 0
appointment-platform-backend-backend/internal/domain/entity/reset_password_code.go:49.3,49.33 1 0
appointment-platform-backend-backend/internal/domain/entity/reset_password_code.go:51.2,51.27 1 0
appointment-platform-backend-backend/internal/domain/entity/user.go:19.9,29.2 2 0
appointment-platform-backend-backend/internal/domain/response/metadata.go:12.78,15.44 2 0
appointment-platform-backend-backend/internal/domain/response/metadata.go:15.44,17.3 1 0
appointment-platform-backend-backend/internal/domain/response/metadata.go:19.2,21.28 2 0
appointment-platform-backend-backend/internal/domain/response/metadata.go:21.28,23.3 1 0
appointment-platform-backend-backend/internal/domain/response/metadata.go:25.2,30.3 1 0
appointment-platform-backend-backend/internal/application/usecase/users/create_user.usecase.go:23.45,28.2 1 0
appointment-platform-backend-backend/internal/application/usecase/users/create_user.usecase.go:30.94,38.16 3 0
appointment-platform-backend-backend/internal/application/usecase/users/create_user.usecase.go:38.16,40.3 1 0
appointment-platform-backend-backend/internal/application/usecase/users/create_user.usecase.go:42.2,42.17 1 0
appointment-platform-backend-backend/internal/application/usecase/users/create_user.usecase.go:42.17,44.3 1 0
appointment-platform-backend-backend/internal/application/usecase/users/create_user.usecase.go:46.2,46.54 1 0
appointment-platform-backend-backend/internal/application/usecase/users/create_user.usecase.go:46.54,48.17 2 0
appointment-platform-backend-backend/internal/application/usecase/users/create_user.usecase.go:48.17,50.4 1 0
appointment-platform-backend-backend/internal/application/usecase/users/create_user.usecase.go:53.2,66.12 4 0
appointment-platform-backend-backend/internal/application/usecase/users/get_user_profile.usecase.go:17.49,21.2 1 0
appointment-platform-backend-backend/internal/application/usecase/users/get_user_profile.usecase.go:23.138,26.31 2 0
appointment-platform-backend-backend/internal/application/usecase/users/get_user_profile.usecase.go:26.31,28.3 1 0
appointment-platform-backend-backend/internal/application/usecase/users/get_user_profile.usecase.go:30.2,36.23 2 0
appointment-platform-backend-backend/internal/application/usecase/users/update_user.usecase.go:16.45,20.2 1 0
appointment-platform-backend-backend/internal/application/usecase/users/update_user.usecase.go:22.94,26.2 2 0
appointment-platform-backend-backend/internal/infra/cron/reminders.go:19.9,22.34 2 0
appointment-platform-backend-backend/internal/infra/cron/reminders.go:22.34,25.17 3 0
appointment-platform-backend-backend/internal/infra/cron/reminders.go:25.17,27.4 1 0
appointment-platform-backend-backend/internal/infra/cron/reminders.go:30.2,32.9 3 0
appointment-platform-backend-backend/internal/application/services/encrypt_string.service.go:11.77,13.2 1 0
appointment-platform-backend-backend/internal/application/services/encrypt_string.service.go:15.84,17.2 1 0
appointment-platform-backend-backend/internal/infra/repository/mongo/appointment/appointment.repository.go:24.100,31.2 2 0
appointment-platform-backend-backend/internal/infra/repository/mongo/appointment/appointment.repository.go:33.93,36.33 2 0
appointment-platform-backend-backend/internal/infra/repository/mongo/appointment/appointment.repository.go:36.33,38.3 1 0
appointment-platform-backend-backend/internal/infra/repository/mongo/appointment/appointment.repository.go:40.2,56.16 3 0
appointment-platform-backend-backend/internal/infra/repository/mongo/appointment/appointment.repository.go:56.16,58.3 1 0
appointment-platform-backend-backend/internal/infra/repository/mongo/appointment/appointment.repository.go:60.2,60.12 1 0
appointment-platform-backend-backend/internal/infra/repository/mongo/appointment/appointment.repository.go:63.159,76.16 4 0
appointment-platform-backend-backend/internal/infra/repository/mongo/appointment/appointment.repository.go:76.16,78.3 1 0
appointment-platform-backend-backend/internal/infra/repository/mongo/appointment/appointment.repository.go:80.2,93.23 2 0
appointment-platform-backend-backend/internal/infra/repository/mongo/appointment/appointment.repository.go:96.124,111.16 9 0
appointment-platform-backend-backend/internal/infra/repository/mongo/appointment/appointment.repository.go:111.16,113.3 1 0
appointment-platform-backend-backend/internal/infra/repository/mongo/appointment/appointment.repository.go:114.2,117.55 3 0
appointment-platform-backend-backend/internal/infra/repository/mongo/appointment/appointment.repository.go:117.55,119.3 1 0
appointment-platform-backend-backend/internal/infra/repository/mongo/appointment/appointment.repository.go:121.2,122.43 2 0
appointment-platform-backend-backend/internal/infra/repository/mongo/appointment/appointment.repository.go:122.43,135.3 1 0
appointment-platform-backend-backend/internal/infra/repository/mongo/appointment/appointment.repository.go:137.2,137.33 1 0
appointment-platform-backend-backend/internal/infra/repository/mongo/appointment/appointment.repository.go:140.100,143.28 2 0
appointment-platform-backend-backend/internal/infra/repository/mongo/appointment/appointment.repository.go:143.28,145.3 1 0
appointment-platform-backend-backend/internal/infra/repository/mongo/appointment/appointment.repository.go:146.2,146.26 1 0
appointment-platform-backend-backend/internal/infra/repository/mongo/appointment/appointment.repository.go:146.26,148.3 1 0
appointment-platform-backend-backend/internal/infra/repository/mongo/appointment/appointment.repository.go:149.2,149.28 1 0
appointment-platform-backend-backend/internal/infra/repository/mongo/appointment/appointment.repository.go:149.28,151.3 1 0
appointment-platform-backend-backend/internal/infra/repository/mongo/appointment/appointment.repository.go:152.2,152.25 1 0
appointment-platform-backend-backend/internal/infra/repository/mongo/appointment/appointment.repository.go:152.25,154.3 1 0
appointment-platform-backend-backend/internal/infra/repository/mongo/appointment/appointment.repository.go:156.2,156.28 1 0
appointment-platform-backend-backend/internal/infra/repository/mongo/appointment/appointment.repository.go:156.28,158.3 1 0
appointment-platform-backend-backend/internal/infra/repository/mongo/appointment/appointment.repository.go:160.2,165.12 4 0
appointment-platform-backend-backend/internal/infra/repository/mongo/appointment/appointment.repository.go:168.74,172.2 2 0
appointment-platform-backend-backend/internal/infra/repository/mongo/appointment/appointment.repository.go:174.85,183.2 3 0
appointment-platform-backend-backend/internal/infra/repository/mongo/appointment/appointment.repository.go:185.119,191.2 3 0
appointment-platform-backend-backend/internal/infra/repository/mongo/appointment/appointment.repository.go:193.127,209.16 7 0
appointment-platform-backend-backend/internal/infra/repository/mongo/appointment/appointment.repository.go:209.16,211.3 1 0
appointment-platform-backend-backend/internal/infra/repository/mongo/appointment/appointment.repository.go:212.2,215.55 3 0
appointment-platform-backend-backend/internal/infra/repository/mongo/appointment/appointment.repository.go:215.55,217.3 1 0
appointment-platform-backend-backend/internal/infra/repository/mongo/appointment/appointment.repository.go:219.2,220.43 2 0
appointment-platform-backend-backend/internal/infra/repository/mongo/appointment/appointment.repository.go:220.43,233.3 1 0
appointment-platform-backend-backend/internal/infra/repository/mongo/appointment/appointment.repository.go:235.2,235.34 1 0
appointment-platform-backend-backend/internal/infra/repository/mongo/appointment/appointment.repository.go:238.92,252.2 4 0
appointment-platform-backend-backend/internal/infra/repository/mongo/appointment/appointment.repository.go:254.101,267.2 4 0
appointment-platform-backend-backend/internal/infra/repository/mongo/appointment/appointment.repository.go:269.65,275.23 3 0
appointment-platform-backend-backend/internal/infra/repository/mongo/appointment/appointment.repository.go:275.23,280.3 3 0
appointment-platform-backend-backend/internal/infra/repository/mongo/appointment/appointment.repository.go:280.8,282.3 1 0
appointment-platform-backend-backend/internal/infra/repository/mongo/appointment/appointment.repository.go:284.2,289.30 2 0
appointment-platform-backend-backend/internal/infra/repository/mongo/appointment/appointment.repository.go:289.30,290.30 1 0
appointment-platform-backend-backend/internal/infra/repository/mongo/appointment/appointment.repository.go:290.30,292.81 2 0
appointment-platform-backend-backend/internal/infra/repository/mongo/appointment/appointment.repository.go:292.81,297.5 1 0
appointment-platform-backend-backend/internal/infra/repository/mongo/appointment/appointment.repository.go:297.10,303.5 1 0
appointment-platform-backend-backend/internal/infra/repository/mongo/appointment/appointment.repository.go:304.9,310.4 1 0
appointment-platform-backend-backend/internal/infra/repository/mongo/appointment/appointment.repository.go:313.2,313.16 1 0
appointment-platform-backend-backend/internal/infra/adapter/sendgrid/email_sender.adapter.go:17.85,19.2 1 0
appointment-platform-backend-backend/internal/infra/adapter/sendgrid/email_sender.adapter.go:21.106,30.16 9 0
appointment-platform-backend-backend/internal/infra/adapter/sendgrid/email_sender.adapter.go:30.16,32.3 1 0
appointment-platform-backend-backend/internal/infra/adapter/sendgrid/email_sender.adapter.go:32.8,36.3 3 0
appointment-platform-backend-backend/internal/infra/adapter/sendgrid/email_sender.adapter.go:38.2,38.12 1 0
appointment-platform-backend-backend/internal/infra/adapter/sendgrid/email_sender.adapter.go:41.143,50.16 9 0
appointment-platform-backend-backend/internal/infra/adapter/sendgrid/email_sender.adapter.go:50.16,52.3 1 0
appointment-platform-backend-backend/internal/infra/adapter/sendgrid/email_sender.adapter.go:52.8,56.3 3 0
appointment-platform-backend-backend/internal/infra/adapter/sendgrid/email_sender.adapter.go:58.2,58.12 1 0
appointment-platform-backend-backend/internal/infra/repository/mongo/reset_password_code/reset_password_code.repository.go:19.112,26.2 2 0
appointment-platform-backend-backend/internal/infra/repository/mongo/reset_password_code/reset_password_code.repository.go:28.112,41.16 3 0
appointment-platform-backend-backend/internal/infra/repository/mongo/reset_password_code/reset_password_code.repository.go:41.16,43.3 1 0
appointment-platform-backend-backend/internal/infra/repository/mongo/reset_password_code/reset_password_code.repository.go:45.2,45.24 1 0
appointment-platform-backend-backend/internal/infra/repository/mongo/reset_password_code/reset_password_code.repository.go:48.98,56.16 3 0
appointment-platform-backend-backend/internal/infra/repository/mongo/reset_password_code/reset_password_code.repository.go:56.16,58.3 1 0
appointment-platform-backend-backend/internal/infra/repository/mongo/reset_password_code/reset_password_code.repository.go:60.2,60.42 1 0
appointment-platform-backend-backend/internal/infra/repository/mongo/reset_password_code/reset_password_code.repository.go:63.110,70.16 3 0
appointment-platform-backend-backend/internal/infra/repository/mongo/reset_password_code/reset_password_code.repository.go:70.16,72.3 1 0
appointment-platform-backend-backend/internal/infra/repository/mongo/reset_password_code/reset_password_code.repository.go:74.2,74.18 1 0
appointment-platform-backend-backend/internal/infra/repository/mongo/reset_password_code/reset_password_code.repository.go:77.103,87.2 2 0
appointment-platform-backend-backend/internal/infra/repository/mongo/user/user.repository.go:20.86,27.2 2 0
appointment-platform-backend-backend/internal/infra/repository/mongo/user/user.repository.go:29.79,32.27 2 0
appointment-platform-backend-backend/internal/infra/repository/mongo/user/user.repository.go:32.27,35.3 2 0
appointment-platform-backend-backend/internal/infra/repository/mongo/user/user.repository.go:37.2,46.12 2 0
appointment-platform-backend-backend/internal/infra/repository/mongo/user/user.repository.go:49.96,58.16 4 0
appointment-platform-backend-backend/internal/infra/repository/mongo/user/user.repository.go:58.16,59.43 1 0
appointment-platform-backend-backend/internal/infra/repository/mongo/user/user.repository.go:59.43,61.4 1 0
appointment-platform-backend-backend/internal/infra/repository/mongo/user/user.repository.go:63.3,63.18 1 0
appointment-platform-backend-backend/internal/infra/repository/mongo/user/user.repository.go:66.2,73.21 2 0
appointment-platform-backend-backend/internal/infra/repository/mongo/user/user.repository.go:76.130,86.16 4 0
appointment-platform-backend-backend/internal/infra/repository/mongo/user/user.repository.go:86.16,87.43 1 0
appointment-platform-backend-backend/internal/infra/repository/mongo/user/user.repository.go:87.43,89.4 1 0
appointment-platform-backend-backend/internal/infra/repository/mongo/user/user.repository.go:91.3,91.18 1 0
appointment-platform-backend-backend/internal/infra/repository/mongo/user/user.repository.go:94.2,98.28 1 0
appointment-platform-backend-backend/internal/infra/repository/mongo/user/user.repository.go:98.28,99.29 1 0
appointment-platform-backend-backend/internal/infra/repository/mongo/user/user.repository.go:99.29,101.5 1 0
appointment-platform-backend-backend/internal/infra/repository/mongo/user/user.repository.go:102.4,103.13 2 0
appointment-platform-backend-backend/internal/infra/repository/mongo/user/user.repository.go:108.2,108.21 1 0
appointment-platform-backend-backend/internal/infra/repository/mongo/user/user.repository.go:111.96,117.24 3 0
appointment-platform-backend-backend/internal/infra/repository/mongo/user/user.repository.go:117.24,119.3 1 0
appointment-platform-backend-backend/internal/infra/repository/mongo/user/user.repository.go:120.2,120.23 1 0
appointment-platform-backend-backend/internal/infra/repository/mongo/user/user.repository.go:120.23,122.3 1 0
appointment-platform-backend-backend/internal/infra/repository/mongo/user/user.repository.go:124.2,124.24 1 0
appointment-platform-backend-backend/internal/infra/repository/mongo/user/user.repository.go:124.24,129.17 3 0
appointment-platform-backend-backend/internal/infra/repository/mongo/user/user.repository.go:129.17,131.4 1 0
appointment-platform-backend-backend/internal/infra/repository/mongo/user/user.repository.go:134.2,134.12 1 0
appointment-platform-backend-backend/internal/infra/repository/mongo/user/user.repository.go:137.105,144.30 3 0
appointment-platform-backend-backend/internal/infra/repository/mongo/user/user.repository.go:144.30,148.3 1 0
appointment-platform-backend-backend/internal/infra/repository/mongo/user/user.repository.go:150.2,150.25 1 0
appointment-platform-backend-backend/internal/infra/repository/mongo/user/user.repository.go:150.25,152.17 2 0
appointment-platform-backend-backend/internal/infra/repository/mongo/user/user.repository.go:152.17,154.4 1 0
appointment-platform-backend-backend/internal/infra/repository/mongo/user/user.repository.go:157.2,157.12 1 0
appointment-platform-backend-backend/internal/infra/repository/mongo/patient/patient.repository.go:21.92,28.2 2 0
appointment-platform-backend-backend/internal/infra/repository/mongo/patient/patient.repository.go:30.85,44.2 3 0
appointment-platform-backend-backend/internal/infra/repository/mongo/patient/patient.repository.go:46.112,58.16 9 0
appointment-platform-backend-backend/internal/infra/repository/mongo/patient/patient.repository.go:58.16,60.3 1 0
appointment-platform-backend-backend/internal/infra/repository/mongo/patient/patient.repository.go:61.2,64.51 3 0
appointment-platform-backend-backend/internal/infra/repository/mongo/patient/patient.repository.go:64.51,66.3 1 0
appointment-platform-backend-backend/internal/infra/repository/mongo/patient/patient.repository.go:68.2,69.35 2 0
appointment-platform-backend-backend/internal/infra/repository/mongo/patient/patient.repository.go:69.35,79.3 1 0
appointment-platform-backend-backend/internal/infra/repository/mongo/patient/patient.repository.go:81.2,81.28 1 0
appointment-platform-backend-backend/internal/infra/repository/mongo/patient/patient.repository.go:84.92,87.23 2 0
appointment-platform-backend-backend/internal/infra/repository/mongo/patient/patient.repository.go:87.23,89.3 1 0
appointment-platform-backend-backend/internal/infra/repository/mongo/patient/patient.repository.go:90.2,90.26 1 0
appointment-platform-backend-backend/internal/infra/repository/mongo/patient/patient.repository.go:90.26,92.3 1 0
appointment-platform-backend-backend/internal/infra/repository/mongo/patient/patient.repository.go:93.2,93.24 1 0
appointment-platform-backend-backend/internal/infra/repository/mongo/patient/patient.repository.go:93.24,95.3 1 0
appointment-platform-backend-backend/internal/infra/repository/mongo/patient/patient.repository.go:96.2,96.24 1 0
appointment-platform-backend-backend/internal/infra/repository/mongo/patient/patient.repository.go:96.24,98.3 1 0
appointment-platform-backend-backend/internal/infra/repository/mongo/patient/patient.repository.go:100.2,100.28 1 0
appointment-platform-backend-backend/internal/infra/repository/mongo/patient/patient.repository.go:100.28,102.3 1 0
appointment-platform-backend-backend/internal/infra/repository/mongo/patient/patient.repository.go:104.2,109.12 4 0
appointment-platform-backend-backend/internal/infra/repository/mongo/patient/patient.repository.go:112.70,116.2 2 0
appointment-platform-backend-backend/internal/infra/repository/mongo/patient/patient.repository.go:118.81,127.2 3 0
appointment-platform-backend-backend/internal/infra/repository/mongo/patient/patient.repository.go:129.97,136.16 4 0
appointment-platform-backend-backend/internal/infra/repository/mongo/patient/patient.repository.go:136.16,138.3 1 0
appointment-platform-backend-backend/internal/infra/repository/mongo/patient/patient.repository.go:140.2,149.22 2 0
appointment-platform-backend-backend/internal/infra/repository/mongo/patient/patient.repository.go:152.111,158.2 3 0
appointment-platform-backend-backend/internal/infra/repository/mongo/patient/patient.repository.go:160.61,165.23 2 0
appointment-platform-backend-backend/internal/infra/repository/mongo/patient/patient.repository.go:165.23,167.3 1 0
appointment-platform-backend-backend/internal/infra/repository/mongo/patient/patient.repository.go:169.2,169.23 1 0
appointment-platform-backend-backend/internal/infra/repository/mongo/patient/patient.repository.go:169.23,171.3 1 0
appointment-platform-backend-backend/internal/infra/repository/mongo/patient/patient.repository.go:173.2,173.30 1 0
appointment-platform-backend-backend/internal/infra/repository/mongo/patient/patient.repository.go:173.30,174.30 1 0
appointment-platform-backend-backend/internal/infra/repository/mongo/patient/patient.repository.go:174.30,179.4 1 0
appointment-platform-backend-backend/internal/infra/repository/mongo/patient/patient.repository.go:179.9,185.4 1 0
appointment-platform-backend-backend/internal/infra/repository/mongo/patient/patient.repository.go:188.2,188.16 1 0
appointment-platform-backend-backend/internal/infra/web/middleware/auth.middleware.go:20.42,21.30 1 0
appointment-platform-backend-backend/internal/infra/web/middleware/auth.middleware.go:21.30,25.23 3 0
appointment-platform-backend-backend/internal/infra/web/middleware/auth.middleware.go:25.23,28.4 2 0
appointment-platform-backend-backend/internal/infra/web/middleware/auth.middleware.go:30.3,32.108 2 0
appointment-platform-backend-backend/internal/infra/web/middleware/auth.middleware.go:32.108,33.59 1 0
appointment-platform-backend-backend/internal/infra/web/middleware/auth.middleware.go:33.59,35.5 1 0
appointment-platform-backend-backend/internal/infra/web/middleware/auth.middleware.go:36.4,36.25 1 0
appointment-platform-backend-backend/internal/infra/web/middleware/auth.middleware.go:39.3,39.17 1 0
appointment-platform-backend-backend/internal/infra/web/middleware/auth.middleware.go:39.17,42.4 2 0
appointment-platform-backend-backend/internal/infra/web/middleware/auth.middleware.go:44.3,44.65 1 0
appointment-platform-backend-backend/internal/infra/web/middleware/auth.middleware.go:44.65,48.4 3 0
appointment-platform-backend-backend/internal/infra/web/middleware/auth.middleware.go:48.9,50.4 1 0
appointment-platform-backend-backend/internal/infra/web/appointment.handler.go:12.61,15.16 2 0
appointment-platform-backend-backend/internal/infra/web/appointment.handler.go:15.16,18.3 2 0
appointment-platform-backend-backend/internal/infra/web/appointment.handler.go:20.2,26.9 4 0
appointment-platform-backend-backend/internal/infra/web/appointment.handler.go:26.9,29.3 2 0
appointment-platform-backend-backend/internal/infra/web/appointment.handler.go:31.2,37.31 1 0
appointment-platform-backend-backend/internal/infra/web/appointment.handler.go:37.31,40.3 2 0
appointment-platform-backend-backend/internal/infra/web/appointment.handler.go:42.2,55.16 3 0
appointment-platform-backend-backend/internal/infra/web/appointment.handler.go:55.16,58.3 2 0
appointment-platform-backend-backend/internal/infra/web/appointment.handler.go:60.2,60.27 1 0
appointment-platform-backend-backend/internal/infra/web/appointment.handler.go:63.60,70.9 4 0
appointment-platform-backend-backend/internal/infra/web/appointment.handler.go:70.9,73.3 2 0
appointment-platform-backend-backend/internal/infra/web/appointment.handler.go:75.2,75.58 1 0
appointment-platform-backend-backend/internal/infra/web/appointment.handler.go:75.58,78.3 2 0
appointment-platform-backend-backend/internal/infra/web/appointment.handler.go:80.2,82.28 2 0
appointment-platform-backend-backend/internal/infra/web/appointment.handler.go:82.28,85.17 2 0
appointment-platform-backend-backend/internal/infra/web/appointment.handler.go:85.17,87.4 1 0
appointment-platform-backend-backend/internal/infra/web/appointment.handler.go:90.2,98.16 2 0
appointment-platform-backend-backend/internal/infra/web/appointment.handler.go:98.16,101.3 2 0
appointment-platform-backend-backend/internal/infra/web/appointment.handler.go:103.2,103.35 1 0
appointment-platform-backend-backend/internal/infra/web/appointment.handler.go:106.59,109.16 2 0
appointment-platform-backend-backend/internal/infra/web/appointment.handler.go:109.16,112.3 2 0
appointment-platform-backend-backend/internal/infra/web/appointment.handler.go:114.2,116.28 2 0
appointment-platform-backend-backend/internal/infra/web/appointment.handler.go:116.28,119.3 2 0
appointment-platform-backend-backend/internal/infra/web/appointment.handler.go:121.2,125.30 2 0
appointment-platform-backend-backend/internal/infra/web/appointment.handler.go:125.30,127.3 1 0
appointment-platform-backend-backend/internal/infra/web/appointment.handler.go:129.2,129.34 1 0
appointment-platform-backend-backend/internal/infra/web/appointment.handler.go:129.34,131.3 1 0
appointment-platform-backend-backend/internal/infra/web/appointment.handler.go:133.2,133.32 1 0
appointment-platform-backend-backend/internal/infra/web/appointment.handler.go:133.32,135.3 1 0
appointment-platform-backend-backend/internal/infra/web/appointment.handler.go:137.2,137.33 1 0
appointment-platform-backend-backend/internal/infra/web/appointment.handler.go:137.33,139.3 1 0
appointment-platform-backend-backend/internal/infra/web/appointment.handler.go:141.2,143.16 2 0
appointment-platform-backend-backend/internal/infra/web/appointment.handler.go:143.16,146.3 2 0
appointment-platform-backend-backend/internal/infra/web/appointment.handler.go:148.2,148.27 1 0
appointment-platform-backend-backend/internal/infra/web/appointment.handler.go:151.61,154.57 2 0
appointment-platform-backend-backend/internal/infra/web/appointment.handler.go:154.57,157.3 2 0
appointment-platform-backend-backend/internal/infra/web/appointment.handler.go:159.2,161.16 2 0
appointment-platform-backend-backend/internal/infra/web/appointment.handler.go:161.16,164.3 2 0
appointment-platform-backend-backend/internal/infra/web/appointment.handler.go:166.2,166.27 1 0
appointment-platform-backend-backend/internal/infra/web/appointment.handler.go:169.57,172.50 2 0
appointment-platform-backend-backend/internal/infra/web/appointment.handler.go:172.50,175.3 2 0
appointment-platform-backend-backend/internal/infra/web/appointment.handler.go:177.2,179.16 2 0
appointment-platform-backend-backend/internal/infra/web/appointment.handler.go:179.16,182.3 2 0
appointment-platform-backend-backend/internal/infra/web/appointment.handler.go:184.2,184.27 1 0
appointment-platform-backend-backend/internal/infra/web/auth.handler.go:13.48,16.49 2 0
appointment-platform-backend-backend/internal/infra/web/auth.handler.go:16.49,18.3 1 0
appointment-platform-backend-backend/internal/infra/web/auth.handler.go:20.2,22.16 2 0
appointment-platform-backend-backend/internal/infra/web/auth.handler.go:22.16,25.3 2 0
appointment-platform-backend-backend/internal/infra/web/auth.handler.go:27.2,27.35 1 0
appointment-platform-backend-backend/internal/infra/web/auth.handler.go:30.54,33.49 2 0
appointment-platform-backend-backend/internal/infra/web/auth.handler.go:33.49,36.3 2 0
appointment-platform-backend-backend/internal/infra/web/auth.handler.go:38.2,40.16 2 0
appointment-platform-backend-backend/internal/infra/web/auth.handler.go:40.16,41.60 1 0
appointment-platform-backend-backend/internal/infra/web/auth.handler.go:41.60,44.4 2 0
appointment-platform-backend-backend/internal/infra/web/auth.handler.go:46.3,47.9 2 0
appointment-platform-backend-backend/internal/infra/web/auth.handler.go:50.2,50.35 1 0
appointment-platform-backend-backend/internal/infra/web/auth.handler.go:53.69,56.49 2 0
appointment-platform-backend-backend/internal/infra/web/auth.handler.go:56.49,59.3 2 0
appointment-platform-backend-backend/internal/infra/web/auth.handler.go:61.2,63.16 2 0
appointment-platform-backend-backend/internal/infra/web/auth.handler.go:63.16,66.3 2 0
appointment-platform-backend-backend/internal/infra/web/auth.handler.go:68.2,68.27 1 0
appointment-platform-backend-backend/internal/infra/web/auth.handler.go:71.57,74.49 2 0
appointment-platform-backend-backend/internal/infra/web/auth.handler.go:74.49,77.3 2 0
appointment-platform-backend-backend/internal/infra/web/auth.handler.go:79.2,86.16 3 0
appointment-platform-backend-backend/internal/infra/web/auth.handler.go:86.16,90.3 2 0
appointment-platform-backend-backend/internal/infra/web/auth.handler.go:92.2,92.27 1 0
appointment-platform-backend-backend/internal/infra/web/auth.handler.go:95.62,98.49 2 0
appointment-platform-backend-backend/internal/infra/web/auth.handler.go:98.49,101.3 2 0
appointment-platform-backend-backend/internal/infra/web/auth.handler.go:103.2,108.16 2 0
appointment-platform-backend-backend/internal/infra/web/auth.handler.go:108.16,109.60 1 0
appointment-platform-backend-backend/internal/infra/web/auth.handler.go:109.60,112.4 2 0
appointment-platform-backend-backend/internal/infra/web/auth.handler.go:114.3,115.9 2 0
appointment-platform-backend-backend/internal/infra/web/auth.handler.go:118.2,118.35 1 0
appointment-platform-backend-backend/internal/infra/web/health_check.handler.go:10.55,16.2 2 0
appointment-platform-backend-backend/internal/infra/web/patient.handler.go:12.57,19.9 4 0
appointment-platform-backend-backend/internal/infra/web/patient.handler.go:19.9,22.3 2 0
appointment-platform-backend-backend/internal/infra/web/patient.handler.go:24.2,24.16 1 0
appointment-platform-backend-backend/internal/infra/web/patient.handler.go:24.16,27.3 2 0
appointment-platform-backend-backend/internal/infra/web/patient.handler.go:29.2,31.55 2 0
appointment-platform-backend-backend/internal/infra/web/patient.handler.go:31.55,34.3 2 0
appointment-platform-backend-backend/internal/infra/web/patient.handler.go:36.2,51.16 6 0
appointment-platform-backend-backend/internal/infra/web/patient.handler.go:51.16,54.3 2 0
appointment-platform-backend-backend/internal/infra/web/patient.handler.go:56.2,56.27 1 0
appointment-platform-backend-backend/internal/infra/web/patient.handler.go:59.55,66.9 4 0
appointment-platform-backend-backend/internal/infra/web/patient.handler.go:66.9,69.3 2 0
appointment-platform-backend-backend/internal/infra/web/patient.handler.go:71.2,71.58 1 0
appointment-platform-backend-backend/internal/infra/web/patient.handler.go:71.58,74.3 2 0
appointment-platform-backend-backend/internal/infra/web/patient.handler.go:76.2,78.28 2 0
appointment-platform-backend-backend/internal/infra/web/patient.handler.go:78.28,81.17 2 0
appointment-platform-backend-backend/internal/infra/web/patient.handler.go:81.17,83.4 1 0
appointment-platform-backend-backend/internal/infra/web/patient.handler.go:86.2,95.16 2 0
appointment-platform-backend-backend/internal/infra/web/patient.handler.go:95.16,98.3 2 0
appointment-platform-backend-backend/internal/infra/web/patient.handler.go:100.2,100.35 1 0
appointment-platform-backend-backend/internal/infra/web/patient.handler.go:103.57,106.57 2 0
appointment-platform-backend-backend/internal/infra/web/patient.handler.go:106.57,109.3 2 0
appointment-platform-backend-backend/internal/infra/web/patient.handler.go:111.2,113.16 2 0
appointment-platform-backend-backend/internal/infra/web/patient.handler.go:113.16,116.3 2 0
appointment-platform-backend-backend/internal/infra/web/patient.handler.go:118.2,118.27 1 0
appointment-platform-backend-backend/internal/infra/web/patient.handler.go:121.55,125.48 3 0
appointment-platform-backend-backend/internal/infra/web/patient.handler.go:125.48,128.3 2 0
appointment-platform-backend-backend/internal/infra/web/patient.handler.go:130.2,130.16 1 0
appointment-platform-backend-backend/internal/infra/web/patient.handler.go:130.16,133.3 2 0
appointment-platform-backend-backend/internal/infra/web/patient.handler.go:135.2,141.9 4 0
appointment-platform-backend-backend/internal/infra/web/patient.handler.go:141.9,144.3 2 0
appointment-platform-backend-backend/internal/infra/web/patient.handler.go:146.2,151.28 2 0
appointment-platform-backend-backend/internal/infra/web/patient.handler.go:151.28,153.3 1 0
appointment-platform-backend-backend/internal/infra/web/patient.handler.go:155.2,155.29 1 0
appointment-platform-backend-backend/internal/infra/web/patient.handler.go:155.29,157.3 1 0
appointment-platform-backend-backend/internal/infra/web/patient.handler.go:159.2,159.29 1 0
appointment-platform-backend-backend/internal/infra/web/patient.handler.go:159.29,161.3 1 0
appointment-platform-backend-backend/internal/infra/web/patient.handler.go:163.2,163.31 1 0
appointment-platform-backend-backend/internal/infra/web/patient.handler.go:163.31,165.3 1 0
appointment-platform-backend-backend/internal/infra/web/patient.handler.go:167.2,169.16 2 0
appointment-platform-backend-backend/internal/infra/web/patient.handler.go:169.16,172.3 2 0
appointment-platform-backend-backend/internal/infra/web/patient.handler.go:174.2,174.27 1 0
appointment-platform-backend-backend/internal/infra/web/response.go:11.64,13.2 1 0
appointment-platform-backend-backend/internal/infra/web/response.go:15.52,18.2 1 0
appointment-platform-backend-backend/internal/infra/web/response.go:19.47,23.2 2 0
appointment-platform-backend-backend/internal/infra/web/response.go:25.72,26.25 1 0
appointment-platform-backend-backend/internal/infra/web/response.go:27.35,28.34 1 0
appointment-platform-backend-backend/internal/infra/web/response.go:29.10,32.4 1 0
appointment-platform-backend-backend/internal/infra/web/routes.go:9.61,10.2 1 0
appointment-platform-backend-backend/internal/infra/web/routes.go:10.2,12.3 2 0
appointment-platform-backend-backend/internal/infra/web/routes.go:12.3,18.4 5 0
appointment-platform-backend-backend/internal/infra/web/routes.go:21.2,23.3 2 0
appointment-platform-backend-backend/internal/infra/web/routes.go:23.3,28.4 4 0
appointment-platform-backend-backend/internal/infra/web/routes.go:31.2,33.3 2 0
appointment-platform-backend-backend/internal/infra/web/routes.go:33.3,38.4 4 0
appointment-platform-backend-backend/internal/infra/web/routes.go:41.2,43.3 2 0
appointment-platform-backend-backend/internal/infra/web/routes.go:43.3,49.4 5 0
appointment-platform-backend-backend/internal/infra/web/routes.go:52.2,54.3 2 0
appointment-platform-backend-backend/internal/infra/web/routes.go:54.3,56.4 1 0
appointment-platform-backend-backend/internal/infra/web/routes.go:59.2,59.15 1 0
appointment-platform-backend-backend/internal/infra/web/server.go:55.11,87.2 5 0
appointment-platform-backend-backend/internal/infra/web/server.go:89.46,91.2 1 0
appointment-platform-backend-backend/internal/infra/web/user.handler.go:11.54,14.16 2 0
appointment-platform-backend-backend/internal/infra/web/user.handler.go:14.16,17.3 2 0
appointment-platform-backend-backend/internal/infra/web/user.handler.go:19.2,32.16 5 0
appointment-platform-backend-backend/internal/infra/web/user.handler.go:32.16,35.3 2 0
appointment-platform-backend-backend/internal/infra/web/user.handler.go:37.2,37.27 1 0
appointment-platform-backend-backend/internal/infra/web/user.handler.go:40.60,43.49 2 0
appointment-platform-backend-backend/internal/infra/web/user.handler.go:43.49,46.3 2 0
appointment-platform-backend-backend/internal/infra/web/user.handler.go:48.2,55.16 2 0
appointment-platform-backend-backend/internal/infra/web/user.handler.go:55.16,58.3 2 0
appointment-platform-backend-backend/internal/infra/web/user.handler.go:60.2,60.27 1 0
appointment-platform-backend-backend/internal/infra/web/user.handler.go:63.58,66.48 2 0
appointment-platform-backend-backend/internal/infra/web/user.handler.go:66.48,69.3 2 0
appointment-platform-backend-backend/internal/infra/web/user.handler.go:71.2,73.16 2 0
appointment-platform-backend-backend/internal/infra/web/user.handler.go:73.16,76.3 2 0
appointment-platform-backend-backend/internal/infra/web/user.handler.go:78.2,78.21 1 0
appointment-platform-backend-backend/internal/infra/web/user.handler.go:78.21,81.3 2 0
appointment-platform-backend-backend/internal/infra/web/user.handler.go:83.2,83.35 1 0
appointment-platform-backend-backend/internal/infra/web/user.handler.go:86.54,89.16 2 0
appointment-platform-backend-backend/internal/infra/web/user.handler.go:89.16,92.3 2 0
appointment-platform-backend-backend/internal/infra/web/user.handler.go:94.2,100.9 4 0
appointment-platform-backend-backend/internal/infra/web/user.handler.go:100.9,103.3 2 0
appointment-platform-backend-backend/internal/infra/web/user.handler.go:105.2,109.28 2 0
appointment-platform-backend-backend/internal/infra/web/user.handler.go:109.28,111.3 1 0
appointment-platform-backend-backend/internal/infra/web/user.handler.go:113.2,115.16 2 0
appointment-platform-backend-backend/internal/infra/web/user.handler.go:115.16,118.3 2 0
appointment-platform-backend-backend/internal/infra/web/user.handler.go:120.2,120.27 1 0
appointment-platform-backend-backend/internal/infra/web/user.handler.go:123.28,125.2 1 0
appointment-platform-backend-backend/internal/application/app.go:68.35,116.2 9 0
appointment-platform-backend-backend/internal/application/app.go:121.16,133.2 5 0
appointment-platform-backend-backend/internal/application/app.go:137.12,143.2 2 0
appointment-platform-backend-backend/internal/application/app.go:147.12,153.2 2 0
appointment-platform-backend-backend/internal/application/app.go:163.12,207.2 18 0
appointment-platform-backend-backend/internal/application/exceptions/exceptions.go:15.51,20.2 1 6
appointment-platform-backend-backend/internal/application/exceptions/exceptions.go:22.52,24.2 1 0
appointment-platform-backend-backend/internal/application/exceptions/exceptions.go:26.54,28.2 1 2
appointment-platform-backend-backend/internal/application/exceptions/exceptions.go:30.50,32.2 1 2
appointment-platform-backend-backend/internal/application/exceptions/exceptions.go:34.57,36.2 1 0
appointment-platform-backend-backend/internal/application/exceptions/exceptions.go:38.61,40.2 1 1
appointment-platform-backend-backend/internal/application/exceptions/exceptions.go:42.56,44.2 1 1
appointment-platform-backend-backend/internal/application/exceptions/exceptions.go:46.57,48.2 1 0
appointment-platform-backend-backend/internal/application/exceptions/exceptions.go:50.32,52.2 1 2
appointment-platform-backend-backend/internal/application/exceptions/exceptions.go:54.62,58.2 1 2
appointment-platform-backend-backend/internal/application/exceptions/exceptions.go:60.36,62.2 1 1
appointment-platform-backend-backend/internal/application/exceptions/exceptions.go:69.54,73.2 1 5
appointment-platform-backend-backend/internal/application/exceptions/exceptions.go:75.68,81.14 4 3
appointment-platform-backend-backend/internal/application/exceptions/exceptions.go:82.38,85.4 1 1
appointment-platform-backend-backend/internal/application/exceptions/exceptions.go:86.31,89.4 1 1
appointment-platform-backend-backend/internal/application/exceptions/exceptions.go:90.10,91.28 1 1
appointment-platform-backend-backend/internal/application/exceptions/exceptions.go:92.18,93.22 1 1
appointment-platform-backend-backend/internal/application/exceptions/exceptions.go:94.11,97.5 1 0
appointment-platform-backend-backend/internal/application/exceptions/exceptions.go:101.2,101.28 1 3
appointment-platform-backend-backend/internal/application/exceptions/exceptions.go:101.28,102.40 1 3
appointment-platform-backend-backend/internal/application/exceptions/exceptions.go:102.40,103.27 1 0
appointment-platform-backend-backend/internal/application/exceptions/exceptions.go:103.27,105.5 1 0
appointment-platform-backend-backend/internal/application/exceptions/exceptions.go:108.3,108.33 1 3
appointment-platform-backend-backend/internal/application/exceptions/exceptions.go:108.33,110.4 1 0
appointment-platform-backend-backend/internal/application/exceptions/exceptions.go:112.2,112.10 1 3
appointment-platform-backend-backend/internal/application/exceptions/exceptions.go:115.39,116.27 1 3
appointment-platform-backend-backend/internal/application/exceptions/exceptions.go:117.17,118.18 1 2
appointment-platform-backend-backend/internal/application/exceptions/exceptions.go:119.10,120.40 1 1
appointment-platform-backend-backend/internal/application/exceptions/exceptions.go:124.43,126.2 1 0
appointment-platform-backend-backend/internal/application/exceptions/metadata.go:16.48,18.36 2 1
appointment-platform-backend-backend/internal/application/exceptions/metadata.go:18.36,20.3 1 2
appointment-platform-backend-backend/internal/application/exceptions/metadata.go:22.2,22.10 1 1
appointment-platform-backend-backend/internal/application/exceptions/metadata.go:25.46,27.2 1 1
appointment-platform-backend-backend/internal/application/services/encrypt_string.service.go:11.77,13.2 1 0
appointment-platform-backend-backend/internal/application/services/encrypt_string.service.go:15.84,17.2 1 0
appointment-platform-backend-backend/internal/application/usecase/appointment/create_appointment.usecase.go:21.64,26.2 1 0
appointment-platform-backend-backend/internal/application/usecase/appointment/create_appointment.usecase.go:28.108,31.16 2 0
appointment-platform-backend-backend/internal/application/usecase/appointment/create_appointment.usecase.go:31.16,33.3 1 0
appointment-platform-backend-backend/internal/application/usecase/appointment/create_appointment.usecase.go:35.2,52.12 4 0
appointment-platform-backend-backend/internal/application/usecase/appointment/delete_appointment.usecase.go:16.64,20.2 1 0
appointment-platform-backend-backend/internal/application/usecase/appointment/delete_appointment.usecase.go:22.108,26.2 2 0
appointment-platform-backend-backend/internal/application/usecase/appointment/edit_appointment.usecase.go:16.62,20.2 1 0
appointment-platform-backend-backend/internal/application/usecase/appointment/edit_appointment.usecase.go:22.104,26.2 2 0
appointment-platform-backend-backend/internal/application/usecase/appointment/get_next_appointments_send_remider.usecase.go:23.65,29.2 1 0
appointment-platform-backend-backend/internal/application/usecase/appointment/get_next_appointments_send_remider.usecase.go:31.81,38.16 4 0
appointment-platform-backend-backend/internal/application/usecase/appointment/get_next_appointments_send_remider.usecase.go:38.16,40.3 1 0
appointment-platform-backend-backend/internal/application/usecase/appointment/get_next_appointments_send_remider.usecase.go:42.2,42.52 1 0
appointment-platform-backend-backend/internal/application/usecase/appointment/get_next_appointments_send_remider.usecase.go:42.52,44.3 1 0
appointment-platform-backend-backend/internal/application/usecase/appointment/get_next_appointments_send_remider.usecase.go:46.2,46.44 1 0
appointment-platform-backend-backend/internal/application/usecase/appointment/get_next_appointments_send_remider.usecase.go:46.44,49.17 2 0
appointment-platform-backend-backend/internal/application/usecase/appointment/get_next_appointments_send_remider.usecase.go:49.17,52.4 2 0
appointment-platform-backend-backend/internal/application/usecase/appointment/get_next_appointments_send_remider.usecase.go:54.3,56.17 2 0
appointment-platform-backend-backend/internal/application/usecase/appointment/get_next_appointments_send_remider.usecase.go:56.17,59.4 2 0
appointment-platform-backend-backend/internal/application/usecase/appointment/get_next_appointments_send_remider.usecase.go:61.3,63.17 2 0
appointment-platform-backend-backend/internal/application/usecase/appointment/get_next_appointments_send_remider.usecase.go:63.17,66.4 2 0
appointment-platform-backend-backend/internal/application/usecase/appointment/get_next_appointments_send_remider.usecase.go:70.2,70.12 1 0
appointment-platform-backend-backend/internal/application/usecase/appointment/list_appointments.usecase.go:19.63,24.2 1 0
appointment-platform-backend-backend/internal/application/usecase/appointment/list_appointments.usecase.go:26.148,37.16 5 0
appointment-platform-backend-backend/internal/application/usecase/appointment/list_appointments.usecase.go:37.16,39.3 1 0
appointment-platform-backend-backend/internal/application/usecase/appointment/list_appointments.usecase.go:41.2,41.28 1 0
appointment-platform-backend-backend/internal/application/usecase/appointment/list_appointments.usecase.go:41.28,43.3 1 0
appointment-platform-backend-backend/internal/application/usecase/appointment/list_appointments.usecase.go:45.2,45.43 1 0
appointment-platform-backend-backend/internal/application/usecase/appointment/list_appointments.usecase.go:45.43,48.17 2 0
appointment-platform-backend-backend/internal/application/usecase/appointment/list_appointments.usecase.go:48.17,62.4 1 0
appointment-platform-backend-backend/internal/application/usecase/appointment/list_appointments.usecase.go:65.2,67.16 2 0
appointment-platform-backend-backend/internal/application/usecase/appointment/list_appointments.usecase.go:67.16,69.3 1 0
appointment-platform-backend-backend/internal/application/usecase/appointment/list_appointments.usecase.go:71.2,76.8 2 0
appointment-platform-backend-backend/internal/application/usecase/appointment/set_appointment_status.usecase.go:16.67,20.2 1 0
appointment-platform-backend-backend/internal/application/usecase/appointment/set_appointment_status.usecase.go:22.114,26.2 2 0
appointment-platform-backend-backend/internal/application/usecase/auth/auth.usecase.go:23.39,27.2 1 0
appointment-platform-backend-backend/internal/application/usecase/auth/auth.usecase.go:29.114,34.17 3 0
appointment-platform-backend-backend/internal/application/usecase/auth/auth.usecase.go:34.17,36.3 1 0
appointment-platform-backend-backend/internal/application/usecase/auth/auth.usecase.go:38.2,38.16 1 0
appointment-platform-backend-backend/internal/application/usecase/auth/auth.usecase.go:38.16,40.3 1 0
appointment-platform-backend-backend/internal/application/usecase/auth/auth.usecase.go:42.2,45.16 3 0
appointment-platform-backend-backend/internal/application/usecase/auth/auth.usecase.go:45.16,47.3 1 0
appointment-platform-backend-backend/internal/application/usecase/auth/auth.usecase.go:49.2,51.16 2 0
appointment-platform-backend-backend/internal/application/usecase/auth/auth.usecase.go:51.16,53.3 1 0
appointment-platform-backend-backend/internal/application/usecase/auth/auth.usecase.go:55.2,55.56 1 0
appointment-platform-backend-backend/internal/application/usecase/auth/auth.usecase.go:58.88,67.2 2 0
appointment-platform-backend-backend/internal/application/usecase/auth/generate_reset_password_code.usecase.go:23.60,29.2 1 0
appointment-platform-backend-backend/internal/application/usecase/auth/generate_reset_password_code.usecase.go:31.124,33.16 2 0
appointment-platform-backend-backend/internal/application/usecase/auth/generate_reset_password_code.usecase.go:33.16,35.3 1 0
appointment-platform-backend-backend/internal/application/usecase/auth/generate_reset_password_code.usecase.go:37.2,37.17 1 0
appointment-platform-backend-backend/internal/application/usecase/auth/generate_reset_password_code.usecase.go:37.17,39.3 1 0
appointment-platform-backend-backend/internal/application/usecase/auth/generate_reset_password_code.usecase.go:41.2,43.21 2 0
appointment-platform-backend-backend/internal/application/usecase/auth/generate_reset_password_code.usecase.go:43.21,45.3 1 0
appointment-platform-backend-backend/internal/application/usecase/auth/generate_reset_password_code.usecase.go:47.2,49.16 2 0
appointment-platform-backend-backend/internal/application/usecase/auth/generate_reset_password_code.usecase.go:49.16,51.3 1 0
appointment-platform-backend-backend/internal/application/usecase/auth/generate_reset_password_code.usecase.go:53.2,55.16 2 0
appointment-platform-backend-backend/internal/application/usecase/auth/generate_reset_password_code.usecase.go:55.16,57.3 1 0
appointment-platform-backend-backend/internal/application/usecase/auth/generate_reset_password_code.usecase.go:59.2,61.12 2 0
appointment-platform-backend-backend/internal/application/usecase/auth/google.usecase.go:22.45,26.2 1 0
appointment-platform-backend-backend/internal/application/usecase/auth/google.usecase.go:28.126,31.16 2 0
appointment-platform-backend-backend/internal/application/usecase/auth/google.usecase.go:31.16,33.3 1 0
appointment-platform-backend-backend/internal/application/usecase/auth/google.usecase.go:35.2,36.9 2 0
appointment-platform-backend-backend/internal/application/usecase/auth/google.usecase.go:36.9,38.3 1 0
appointment-platform-backend-backend/internal/application/usecase/auth/google.usecase.go:40.2,41.9 2 0
appointment-platform-backend-backend/internal/application/usecase/auth/google.usecase.go:41.9,43.3 1 0
appointment-platform-backend-backend/internal/application/usecase/auth/google.usecase.go:45.2,47.21 2 0
appointment-platform-backend-backend/internal/application/usecase/auth/google.usecase.go:47.21,49.3 1 0
appointment-platform-backend-backend/internal/application/usecase/auth/google.usecase.go:51.2,51.16 1 0
appointment-platform-backend-backend/internal/application/usecase/auth/google.usecase.go:51.16,53.3 1 0
appointment-platform-backend-backend/internal/application/usecase/auth/google.usecase.go:55.2,57.16 2 0
appointment-platform-backend-backend/internal/application/usecase/auth/google.usecase.go:57.16,59.3 1 0
appointment-platform-backend-backend/internal/application/usecase/auth/google.usecase.go:61.2,61.56 1 0
appointment-platform-backend-backend/internal/application/usecase/auth/google.usecase.go:64.89,66.16 2 0
appointment-platform-backend-backend/internal/application/usecase/auth/google.usecase.go:66.16,68.3 1 0
appointment-platform-backend-backend/internal/application/usecase/auth/google.usecase.go:69.2,69.21 1 0
appointment-platform-backend-backend/internal/application/usecase/auth/reset_password.usecase.go:22.48,28.2 1 0
appointment-platform-backend-backend/internal/application/usecase/auth/reset_password.usecase.go:30.100,33.16 2 0
appointment-platform-backend-backend/internal/application/usecase/auth/reset_password.usecase.go:33.16,35.3 1 0
appointment-platform-backend-backend/internal/application/usecase/auth/reset_password.usecase.go:37.2,37.17 1 0
appointment-platform-backend-backend/internal/application/usecase/auth/reset_password.usecase.go:37.17,39.3 1 0
appointment-platform-backend-backend/internal/application/usecase/auth/reset_password.usecase.go:41.2,43.18 2 0
appointment-platform-backend-backend/internal/application/usecase/auth/reset_password.usecase.go:43.18,45.3 1 0
appointment-platform-backend-backend/internal/application/usecase/auth/reset_password.usecase.go:47.2,49.16 2 0
appointment-platform-backend-backend/internal/application/usecase/auth/reset_password.usecase.go:49.16,51.3 1 0
appointment-platform-backend-backend/internal/application/usecase/auth/reset_password.usecase.go:53.2,58.16 2 0
appointment-platform-backend-backend/internal/application/usecase/auth/reset_password.usecase.go:58.16,60.3 1 0
appointment-platform-backend-backend/internal/application/usecase/auth/reset_password.usecase.go:62.2,64.12 2 0
appointment-platform-backend-backend/internal/application/usecase/auth/validate_reset_password_code.usecase.go:17.60,21.2 1 0
appointment-platform-backend-backend/internal/application/usecase/auth/validate_reset_password_code.usecase.go:23.177,26.16 2 0
appointment-platform-backend-backend/internal/application/usecase/auth/validate_reset_password_code.usecase.go:26.16,28.3 1 0
appointment-platform-backend-backend/internal/application/usecase/auth/validate_reset_password_code.usecase.go:30.2,32.8 1 0
appointment-platform-backend-backend/internal/application/usecase/patient/create_patient.usecase.go:19.56,23.2 1 0
appointment-platform-backend-backend/internal/application/usecase/patient/create_patient.usecase.go:25.100,41.2 4 0
appointment-platform-backend-backend/internal/application/usecase/patient/delete_patient.usecase.go:16.56,20.2 1 0
appointment-platform-backend-backend/internal/application/usecase/patient/delete_patient.usecase.go:22.100,26.2 2 0
appointment-platform-backend-backend/internal/application/usecase/patient/edit_patient.usecase.go:16.54,20.2 1 0
appointment-platform-backend-backend/internal/application/usecase/patient/edit_patient.usecase.go:22.96,26.2 2 0
appointment-platform-backend-backend/internal/application/usecase/patient/list_patient.usecase.go:17.54,21.2 1 0
appointment-platform-backend-backend/internal/application/usecase/patient/list_patient.usecase.go:23.136,34.38 5 0
appointment-platform-backend-backend/internal/application/usecase/patient/list_patient.usecase.go:34.38,36.3 1 0
appointment-platform-backend-backend/internal/application/usecase/patient/list_patient.usecase.go:38.2,40.16 2 0
appointment-platform-backend-backend/internal/application/usecase/patient/list_patient.usecase.go:40.16,42.3 1 0
appointment-platform-backend-backend/internal/application/usecase/patient/list_patient.usecase.go:44.2,44.35 1 0
appointment-platform-backend-backend/internal/application/usecase/patient/list_patient.usecase.go:44.35,53.3 1 0
appointment-platform-backend-backend/internal/application/usecase/patient/list_patient.usecase.go:55.2,60.8 2 0
appointment-platform-backend-backend/internal/application/usecase/users/create_user.usecase.go:23.45,28.2 1 0
appointment-platform-backend-backend/internal/application/usecase/users/create_user.usecase.go:30.94,38.16 3 0
appointment-platform-backend-backend/internal/application/usecase/users/create_user.usecase.go:38.16,40.3 1 0
appointment-platform-backend-backend/internal/application/usecase/users/create_user.usecase.go:42.2,42.17 1 0
appointment-platform-backend-backend/internal/application/usecase/users/create_user.usecase.go:42.17,44.3 1 0
appointment-platform-backend-backend/internal/application/usecase/users/create_user.usecase.go:46.2,46.54 1 0
appointment-platform-backend-backend/internal/application/usecase/users/create_user.usecase.go:46.54,48.17 2 0
appointment-platform-backend-backend/internal/application/usecase/users/create_user.usecase.go:48.17,50.4 1 0
appointment-platform-backend-backend/internal/application/usecase/users/create_user.usecase.go:53.2,66.12 4 0
appointment-platform-backend-backend/internal/application/usecase/users/get_user_profile.usecase.go:17.49,21.2 1 0
appointment-platform-backend-backend/internal/application/usecase/users/get_user_profile.usecase.go:23.138,26.31 2 0
appointment-platform-backend-backend/internal/application/usecase/users/get_user_profile.usecase.go:26.31,28.3 1 0
appointment-platform-backend-backend/internal/application/usecase/users/get_user_profile.usecase.go:30.2,36.23 2 0
appointment-platform-backend-backend/internal/application/usecase/users/update_user.usecase.go:16.45,20.2 1 0
appointment-platform-backend-backend/internal/application/usecase/users/update_user.usecase.go:22.94,26.2 2 0
appointment-platform-backend-backend/internal/domain/entity/appointment.go:29.16,45.2 2 0
appointment-platform-backend-backend/internal/domain/entity/patient.go:21.12,32.2 2 0
appointment-platform-backend-backend/internal/domain/entity/reset_password_code.go:21.31,24.16 2 0
appointment-platform-backend-backend/internal/domain/entity/reset_password_code.go:24.16,26.3 1 0
appointment-platform-backend-backend/internal/domain/entity/reset_password_code.go:28.2,38.20 3 0
appointment-platform-backend-backend/internal/domain/entity/reset_password_code.go:41.54,44.30 3 0
appointment-platform-backend-backend/internal/domain/entity/reset_password_code.go:44.30,46.17 2 0
appointment-platform-backend-backend/internal/domain/entity/reset_password_code.go:46.17,48.4 1 0
appointment-platform-backend-backend/internal/domain/entity/reset_password_code.go:49.3,49.33 1 0
appointment-platform-backend-backend/internal/domain/entity/reset_password_code.go:51.2,51.27 1 0
appointment-platform-backend-backend/internal/domain/entity/user.go:19.9,29.2 2 0
appointment-platform-backend-backend/internal/domain/response/metadata.go:12.78,15.44 2 0
appointment-platform-backend-backend/internal/domain/response/metadata.go:15.44,17.3 1 0
appointment-platform-backend-backend/internal/domain/response/metadata.go:19.2,21.28 2 0
appointment-platform-backend-backend/internal/domain/response/metadata.go:21.28,23.3 1 0
appointment-platform-backend-backend/internal/domain/response/metadata.go:25.2,30.3 1 0
appointment-platform-backend-backend/internal/infra/adapter/sendgrid/email_sender.adapter.go:17.85,19.2 1 0
appointment-platform-backend-backend/internal/infra/adapter/sendgrid/email_sender.adapter.go:21.106,30.16 9 0
appointment-platform-backend-backend/internal/infra/adapter/sendgrid/email_sender.adapter.go:30.16,32.3 1 0
appointment-platform-backend-backend/internal/infra/adapter/sendgrid/email_sender.adapter.go:32.8,36.3 3 0
appointment-platform-backend-backend/internal/infra/adapter/sendgrid/email_sender.adapter.go:38.2,38.12 1 0
appointment-platform-backend-backend/internal/infra/adapter/sendgrid/email_sender.adapter.go:41.143,50.16 9 0
appointment-platform-backend-backend/internal/infra/adapter/sendgrid/email_sender.adapter.go:50.16,52.3 1 0
appointment-platform-backend-backend/internal/infra/adapter/sendgrid/email_sender.adapter.go:52.8,56.3 3 0
appointment-platform-backend-backend/internal/infra/adapter/sendgrid/email_sender.adapter.go:58.2,58.12 1 0
appointment-platform-backend-backend/internal/infra/cron/reminders.go:19.9,22.34 2 0
appointment-platform-backend-backend/internal/infra/cron/reminders.go:22.34,25.17 3 0
appointment-platform-backend-backend/internal/infra/cron/reminders.go:25.17,27.4 1 0
appointment-platform-backend-backend/internal/infra/cron/reminders.go:30.2,32.9 3 0
appointment-platform-backend-backend/internal/infra/repository/mongo/appointment/appointment.repository.go:24.100,31.2 2 0
appointment-platform-backend-backend/internal/infra/repository/mongo/appointment/appointment.repository.go:33.93,36.33 2 0
appointment-platform-backend-backend/internal/infra/repository/mongo/appointment/appointment.repository.go:36.33,38.3 1 0
appointment-platform-backend-backend/internal/infra/repository/mongo/appointment/appointment.repository.go:40.2,56.16 3 0
appointment-platform-backend-backend/internal/infra/repository/mongo/appointment/appointment.repository.go:56.16,58.3 1 0
appointment-platform-backend-backend/internal/infra/repository/mongo/appointment/appointment.repository.go:60.2,60.12 1 0
appointment-platform-backend-backend/internal/infra/repository/mongo/appointment/appointment.repository.go:63.159,76.16 4 0
appointment-platform-backend-backend/internal/infra/repository/mongo/appointment/appointment.repository.go:76.16,78.3 1 0
appointment-platform-backend-backend/internal/infra/repository/mongo/appointment/appointment.repository.go:80.2,93.23 2 0
appointment-platform-backend-backend/internal/infra/repository/mongo/appointment/appointment.repository.go:96.124,111.16 9 0
appointment-platform-backend-backend/internal/infra/repository/mongo/appointment/appointment.repository.go:111.16,113.3 1 0
appointment-platform-backend-backend/internal/infra/repository/mongo/appointment/appointment.repository.go:114.2,117.55 3 0
appointment-platform-backend-backend/internal/infra/repository/mongo/appointment/appointment.repository.go:117.55,119.3 1 0
appointment-platform-backend-backend/internal/infra/repository/mongo/appointment/appointment.repository.go:121.2,122.43 2 0
appointment-platform-backend-backend/internal/infra/repository/mongo/appointment/appointment.repository.go:122.43,135.3 1 0
appointment-platform-backend-backend/internal/infra/repository/mongo/appointment/appointment.repository.go:137.2,137.33 1 0
appointment-platform-backend-backend/internal/infra/repository/mongo/appointment/appointment.repository.go:140.100,143.28 2 0
appointment-platform-backend-backend/internal/infra/repository/mongo/appointment/appointment.repository.go:143.28,145.3 1 0
appointment-platform-backend-backend/internal/infra/repository/mongo/appointment/appointment.repository.go:146.2,146.26 1 0
appointment-platform-backend-backend/internal/infra/repository/mongo/appointment/appointment.repository.go:146.26,148.3 1 0
appointment-platform-backend-backend/internal/infra/repository/mongo/appointment/appointment.repository.go:149.2,149.28 1 0
appointment-platform-backend-backend/internal/infra/repository/mongo/appointment/appointment.repository.go:149.28,151.3 1 0
appointment-platform-backend-backend/internal/infra/repository/mongo/appointment/appointment.repository.go:152.2,152.25 1 0
appointment-platform-backend-backend/internal/infra/repository/mongo/appointment/appointment.repository.go:152.25,154.3 1 0
appointment-platform-backend-backend/internal/infra/repository/mongo/appointment/appointment.repository.go:156.2,156.28 1 0
appointment-platform-backend-backend/internal/infra/repository/mongo/appointment/appointment.repository.go:156.28,158.3 1 0
appointment-platform-backend-backend/internal/infra/repository/mongo/appointment/appointment.repository.go:160.2,165.12 4 0
appointment-platform-backend-backend/internal/infra/repository/mongo/appointment/appointment.repository.go:168.74,172.2 2 0
appointment-platform-backend-backend/internal/infra/repository/mongo/appointment/appointment.repository.go:174.85,183.2 3 0
appointment-platform-backend-backend/internal/infra/repository/mongo/appointment/appointment.repository.go:185.119,191.2 3 0
appointment-platform-backend-backend/internal/infra/repository/mongo/appointment/appointment.repository.go:193.127,209.16 7 0
appointment-platform-backend-backend/internal/infra/repository/mongo/appointment/appointment.repository.go:209.16,211.3 1 0
appointment-platform-backend-backend/internal/infra/repository/mongo/appointment/appointment.repository.go:212.2,215.55 3 0
appointment-platform-backend-backend/internal/infra/repository/mongo/appointment/appointment.repository.go:215.55,217.3 1 0
appointment-platform-backend-backend/internal/infra/repository/mongo/appointment/appointment.repository.go:219.2,220.43 2 0
appointment-platform-backend-backend/internal/infra/repository/mongo/appointment/appointment.repository.go:220.43,233.3 1 0
appointment-platform-backend-backend/internal/infra/repository/mongo/appointment/appointment.repository.go:235.2,235.34 1 0
appointment-platform-backend-backend/internal/infra/repository/mongo/appointment/appointment.repository.go:238.92,252.2 4 0
appointment-platform-backend-backend/internal/infra/repository/mongo/appointment/appointment.repository.go:254.101,267.2 4 0
appointment-platform-backend-backend/internal/infra/repository/mongo/appointment/appointment.repository.go:269.65,275.23 3 0
appointment-platform-backend-backend/internal/infra/repository/mongo/appointment/appointment.repository.go:275.23,280.3 3 0
appointment-platform-backend-backend/internal/infra/repository/mongo/appointment/appointment.repository.go:280.8,282.3 1 0
appointment-platform-backend-backend/internal/infra/repository/mongo/appointment/appointment.repository.go:284.2,289.30 2 0
appointment-platform-backend-backend/internal/infra/repository/mongo/appointment/appointment.repository.go:289.30,290.30 1 0
appointment-platform-backend-backend/internal/infra/repository/mongo/appointment/appointment.repository.go:290.30,292.81 2 0
appointment-platform-backend-backend/internal/infra/repository/mongo/appointment/appointment.repository.go:292.81,297.5 1 0
appointment-platform-backend-backend/internal/infra/repository/mongo/appointment/appointment.repository.go:297.10,303.5 1 0
appointment-platform-backend-backend/internal/infra/repository/mongo/appointment/appointment.repository.go:304.9,310.4 1 0
appointment-platform-backend-backend/internal/infra/repository/mongo/appointment/appointment.repository.go:313.2,313.16 1 0
appointment-platform-backend-backend/internal/infra/repository/mongo/patient/patient.repository.go:21.92,28.2 2 0
appointment-platform-backend-backend/internal/infra/repository/mongo/patient/patient.repository.go:30.85,44.2 3 0
appointment-platform-backend-backend/internal/infra/repository/mongo/patient/patient.repository.go:46.112,58.16 9 0
appointment-platform-backend-backend/internal/infra/repository/mongo/patient/patient.repository.go:58.16,60.3 1 0
appointment-platform-backend-backend/internal/infra/repository/mongo/patient/patient.repository.go:61.2,64.51 3 0
appointment-platform-backend-backend/internal/infra/repository/mongo/patient/patient.repository.go:64.51,66.3 1 0
appointment-platform-backend-backend/internal/infra/repository/mongo/patient/patient.repository.go:68.2,69.35 2 0
appointment-platform-backend-backend/internal/infra/repository/mongo/patient/patient.repository.go:69.35,79.3 1 0
appointment-platform-backend-backend/internal/infra/repository/mongo/patient/patient.repository.go:81.2,81.28 1 0
appointment-platform-backend-backend/internal/infra/repository/mongo/patient/patient.repository.go:84.92,87.23 2 0
appointment-platform-backend-backend/internal/infra/repository/mongo/patient/patient.repository.go:87.23,89.3 1 0
appointment-platform-backend-backend/internal/infra/repository/mongo/patient/patient.repository.go:90.2,90.26 1 0
appointment-platform-backend-backend/internal/infra/repository/mongo/patient/patient.repository.go:90.26,92.3 1 0
appointment-platform-backend-backend/internal/infra/repository/mongo/patient/patient.repository.go:93.2,93.24 1 0
appointment-platform-backend-backend/internal/infra/repository/mongo/patient/patient.repository.go:93.24,95.3 1 0
appointment-platform-backend-backend/internal/infra/repository/mongo/patient/patient.repository.go:96.2,96.24 1 0
appointment-platform-backend-backend/internal/infra/repository/mongo/patient/patient.repository.go:96.24,98.3 1 0
appointment-platform-backend-backend/internal/infra/repository/mongo/patient/patient.repository.go:100.2,100.28 1 0
appointment-platform-backend-backend/internal/infra/repository/mongo/patient/patient.repository.go:100.28,102.3 1 0
appointment-platform-backend-backend/internal/infra/repository/mongo/patient/patient.repository.go:104.2,109.12 4 0
appointment-platform-backend-backend/internal/infra/repository/mongo/patient/patient.repository.go:112.70,116.2 2 0
appointment-platform-backend-backend/internal/infra/repository/mongo/patient/patient.repository.go:118.81,127.2 3 0
appointment-platform-backend-backend/internal/infra/repository/mongo/patient/patient.repository.go:129.97,136.16 4 0
appointment-platform-backend-backend/internal/infra/repository/mongo/patient/patient.repository.go:136.16,138.3 1 0
appointment-platform-backend-backend/internal/infra/repository/mongo/patient/patient.repository.go:140.2,149.22 2 0
appointment-platform-backend-backend/internal/infra/repository/mongo/patient/patient.repository.go:152.111,158.2 3 0
appointment-platform-backend-backend/internal/infra/repository/mongo/patient/patient.repository.go:160.61,165.23 2 0
appointment-platform-backend-backend/internal/infra/repository/mongo/patient/patient.repository.go:165.23,167.3 1 0
appointment-platform-backend-backend/internal/infra/repository/mongo/patient/patient.repository.go:169.2,169.23 1 0
appointment-platform-backend-backend/internal/infra/repository/mongo/patient/patient.repository.go:169.23,171.3 1 0
appointment-platform-backend-backend/internal/infra/repository/mongo/patient/patient.repository.go:173.2,173.30 1 0
appointment-platform-backend-backend/internal/infra/repository/mongo/patient/patient.repository.go:173.30,174.30 1 0
appointment-platform-backend-backend/internal/infra/repository/mongo/patient/patient.repository.go:174.30,179.4 1 0
appointment-platform-backend-backend/internal/infra/repository/mongo/patient/patient.repository.go:179.9,185.4 1 0
appointment-platform-backend-backend/internal/infra/repository/mongo/patient/patient.repository.go:188.2,188.16 1 0
appointment-platform-backend-backend/internal/infra/repository/mongo/reset_password_code/reset_password_code.repository.go:19.112,26.2 2 0
appointment-platform-backend-backend/internal/infra/repository/mongo/reset_password_code/reset_password_code.repository.go:28.112,41.16 3 0
appointment-platform-backend-backend/internal/infra/repository/mongo/reset_password_code/reset_password_code.repository.go:41.16,43.3 1 0
appointment-platform-backend-backend/internal/infra/repository/mongo/reset_password_code/reset_password_code.repository.go:45.2,45.24 1 0
appointment-platform-backend-backend/internal/infra/repository/mongo/reset_password_code/reset_password_code.repository.go:48.98,56.16 3 0
appointment-platform-backend-backend/internal/infra/repository/mongo/reset_password_code/reset_password_code.repository.go:56.16,58.3 1 0
appointment-platform-backend-backend/internal/infra/repository/mongo/reset_password_code/reset_password_code.repository.go:60.2,60.42 1 0
appointment-platform-backend-backend/internal/infra/repository/mongo/reset_password_code/reset_password_code.repository.go:63.110,70.16 3 0
appointment-platform-backend-backend/internal/infra/repository/mongo/reset_password_code/reset_password_code.repository.go:70.16,72.3 1 0
appointment-platform-backend-backend/internal/infra/repository/mongo/reset_password_code/reset_password_code.repository.go:74.2,74.18 1 0
appointment-platform-backend-backend/internal/infra/repository/mongo/reset_password_code/reset_password_code.repository.go:77.103,87.2 2 0
appointment-platform-backend-backend/internal/infra/repository/mongo/user/user.repository.go:20.86,27.2 2 0
appointment-platform-backend-backend/internal/infra/repository/mongo/user/user.repository.go:29.79,32.27 2 0
appointment-platform-backend-backend/internal/infra/repository/mongo/user/user.repository.go:32.27,35.3 2 0
appointment-platform-backend-backend/internal/infra/repository/mongo/user/user.repository.go:37.2,46.12 2 0
appointment-platform-backend-backend/internal/infra/repository/mongo/user/user.repository.go:49.96,58.16 4 0
appointment-platform-backend-backend/internal/infra/repository/mongo/user/user.repository.go:58.16,59.43 1 0
appointment-platform-backend-backend/internal/infra/repository/mongo/user/user.repository.go:59.43,61.4 1 0
appointment-platform-backend-backend/internal/infra/repository/mongo/user/user.repository.go:63.3,63.18 1 0
appointment-platform-backend-backend/internal/infra/repository/mongo/user/user.repository.go:66.2,73.21 2 0
appointment-platform-backend-backend/internal/infra/repository/mongo/user/user.repository.go:76.130,86.16 4 0
appointment-platform-backend-backend/internal/infra/repository/mongo/user/user.repository.go:86.16,87.43 1 0
appointment-platform-backend-backend/internal/infra/repository/mongo/user/user.repository.go:87.43,89.4 1 0
appointment-platform-backend-backend/internal/infra/repository/mongo/user/user.repository.go:91.3,91.18 1 0
appointment-platform-backend-backend/internal/infra/repository/mongo/user/user.repository.go:94.2,98.28 1 0
appointment-platform-backend-backend/internal/infra/repository/mongo/user/user.repository.go:98.28,99.29 1 0
appointment-platform-backend-backend/internal/infra/repository/mongo/user/user.repository.go:99.29,101.5 1 0
appointment-platform-backend-backend/internal/infra/repository/mongo/user/user.repository.go:102.4,103.13 2 0
appointment-platform-backend-backend/internal/infra/repository/mongo/user/user.repository.go:108.2,108.21 1 0
appointment-platform-backend-backend/internal/infra/repository/mongo/user/user.repository.go:111.96,117.24 3 0
appointment-platform-backend-backend/internal/infra/repository/mongo/user/user.repository.go:117.24,119.3 1 0
appointment-platform-backend-backend/internal/infra/repository/mongo/user/user.repository.go:120.2,120.23 1 0
appointment-platform-backend-backend/internal/infra/repository/mongo/user/user.repository.go:120.23,122.3 1 0
appointment-platform-backend-backend/internal/infra/repository/mongo/user/user.repository.go:124.2,124.24 1 0
appointment-platform-backend-backend/internal/infra/repository/mongo/user/user.repository.go:124.24,129.17 3 0
appointment-platform-backend-backend/internal/infra/repository/mongo/user/user.repository.go:129.17,131.4 1 0
appointment-platform-backend-backend/internal/infra/repository/mongo/user/user.repository.go:134.2,134.12 1 0
appointment-platform-backend-backend/internal/infra/repository/mongo/user/user.repository.go:137.105,144.30 3 0
appointment-platform-backend-backend/internal/infra/repository/mongo/user/user.repository.go:144.30,148.3 1 0
appointment-platform-backend-backend/internal/infra/repository/mongo/user/user.repository.go:150.2,150.25 1 0
appointment-platform-backend-backend/internal/infra/repository/mongo/user/user.repository.go:150.25,152.17 2 0
appointment-platform-backend-backend/internal/infra/repository/mongo/user/user.repository.go:152.17,154.4 1 0
appointment-platform-backend-backend/internal/infra/repository/mongo/user/user.repository.go:157.2,157.12 1 0
appointment-platform-backend-backend/internal/infra/web/appointment.handler.go:12.61,15.16 2 0
appointment-platform-backend-backend/internal/infra/web/appointment.handler.go:15.16,18.3 2 0
appointment-platform-backend-backend/internal/infra/web/appointment.handler.go:20.2,26.9 4 0
appointment-platform-backend-backend/internal/infra/web/appointment.handler.go:26.9,29.3 2 0
appointment-platform-backend-backend/internal/infra/web/appointment.handler.go:31.2,37.31 1 0
appointment-platform-backend-backend/internal/infra/web/appointment.handler.go:37.31,40.3 2 0
appointment-platform-backend-backend/internal/infra/web/appointment.handler.go:42.2,55.16 3 0
appointment-platform-backend-backend/internal/infra/web/appointment.handler.go:55.16,58.3 2 0
appointment-platform-backend-backend/internal/infra/web/appointment.handler.go:60.2,60.27 1 0
appointment-platform-backend-backend/internal/infra/web/appointment.handler.go:63.60,70.9 4 0
appointment-platform-backend-backend/internal/infra/web/appointment.handler.go:70.9,73.3 2 0
appointment-platform-backend-backend/internal/infra/web/appointment.handler.go:75.2,75.58 1 0
appointment-platform-backend-backend/internal/infra/web/appointment.handler.go:75.58,78.3 2 0
appointment-platform-backend-backend/internal/infra/web/appointment.handler.go:80.2,82.28 2 0
appointment-platform-backend-backend/internal/infra/web/appointment.handler.go:82.28,85.17 2 0
appointment-platform-backend-backend/internal/infra/web/appointment.handler.go:85.17,87.4 1 0
appointment-platform-backend-backend/internal/infra/web/appointment.handler.go:90.2,98.16 2 0
appointment-platform-backend-backend/internal/infra/web/appointment.handler.go:98.16,101.3 2 0
appointment-platform-backend-backend/internal/infra/web/appointment.handler.go:103.2,103.35 1 0
appointment-platform-backend-backend/internal/infra/web/appointment.handler.go:106.59,109.16 2 0
appointment-platform-backend-backend/internal/infra/web/appointment.handler.go:109.16,112.3 2 0
appointment-platform-backend-backend/internal/infra/web/appointment.handler.go:114.2,116.28 2 0
appointment-platform-backend-backend/internal/infra/web/appointment.handler.go:116.28,119.3 2 0
appointment-platform-backend-backend/internal/infra/web/appointment.handler.go:121.2,125.30 2 0
appointment-platform-backend-backend/internal/infra/web/appointment.handler.go:125.30,127.3 1 0
appointment-platform-backend-backend/internal/infra/web/appointment.handler.go:129.2,129.34 1 0
appointment-platform-backend-backend/internal/infra/web/appointment.handler.go:129.34,131.3 1 0
appointment-platform-backend-backend/internal/infra/web/appointment.handler.go:133.2,133.32 1 0
appointment-platform-backend-backend/internal/infra/web/appointment.handler.go:133.32,135.3 1 0
appointment-platform-backend-backend/internal/infra/web/appointment.handler.go:137.2,137.33 1 0
appointment-platform-backend-backend/internal/infra/web/appointment.handler.go:137.33,139.3 1 0
appointment-platform-backend-backend/internal/infra/web/appointment.handler.go:141.2,143.16 2 0
appointment-platform-backend-backend/internal/infra/web/appointment.handler.go:143.16,146.3 2 0
appointment-platform-backend-backend/internal/infra/web/appointment.handler.go:148.2,148.27 1 0
appointment-platform-backend-backend/internal/infra/web/appointment.handler.go:151.61,154.57 2 0
appointment-platform-backend-backend/internal/infra/web/appointment.handler.go:154.57,157.3 2 0
appointment-platform-backend-backend/internal/infra/web/appointment.handler.go:159.2,161.16 2 0
appointment-platform-backend-backend/internal/infra/web/appointment.handler.go:161.16,164.3 2 0
appointment-platform-backend-backend/internal/infra/web/appointment.handler.go:166.2,166.27 1 0
appointment-platform-backend-backend/internal/infra/web/appointment.handler.go:169.57,172.50 2 0
appointment-platform-backend-backend/internal/infra/web/appointment.handler.go:172.50,175.3 2 0
appointment-platform-backend-backend/internal/infra/web/appointment.handler.go:177.2,179.16 2 0
appointment-platform-backend-backend/internal/infra/web/appointment.handler.go:179.16,182.3 2 0
appointment-platform-backend-backend/internal/infra/web/appointment.handler.go:184.2,184.27 1 0
appointment-platform-backend-backend/internal/infra/web/auth.handler.go:13.48,16.49 2 0
appointment-platform-backend-backend/internal/infra/web/auth.handler.go:16.49,18.3 1 0
appointment-platform-backend-backend/internal/infra/web/auth.handler.go:20.2,22.16 2 0
appointment-platform-backend-backend/internal/infra/web/auth.handler.go:22.16,25.3 2 0
appointment-platform-backend-backend/internal/infra/web/auth.handler.go:27.2,27.35 1 0
appointment-platform-backend-backend/internal/infra/web/auth.handler.go:30.54,33.49 2 0
appointment-platform-backend-backend/internal/infra/web/auth.handler.go:33.49,36.3 2 0
appointment-platform-backend-backend/internal/infra/web/auth.handler.go:38.2,40.16 2 0
appointment-platform-backend-backend/internal/infra/web/auth.handler.go:40.16,41.60 1 0
appointment-platform-backend-backend/internal/infra/web/auth.handler.go:41.60,44.4 2 0
appointment-platform-backend-backend/internal/infra/web/auth.handler.go:46.3,47.9 2 0
appointment-platform-backend-backend/internal/infra/web/auth.handler.go:50.2,50.35 1 0
appointment-platform-backend-backend/internal/infra/web/auth.handler.go:53.69,56.49 2 0
appointment-platform-backend-backend/internal/infra/web/auth.handler.go:56.49,59.3 2 0
appointment-platform-backend-backend/internal/infra/web/auth.handler.go:61.2,63.16 2 0
appointment-platform-backend-backend/internal/infra/web/auth.handler.go:63.16,66.3 2 0
appointment-platform-backend-backend/internal/infra/web/auth.handler.go:68.2,68.27 1 0
appointment-platform-backend-backend/internal/infra/web/auth.handler.go:71.57,74.49 2 0
appointment-platform-backend-backend/internal/infra/web/auth.handler.go:74.49,77.3 2 0
appointment-platform-backend-backend/internal/infra/web/auth.handler.go:79.2,86.16 3 0
appointment-platform-backend-backend/internal/infra/web/auth.handler.go:86.16,90.3 2 0
appointment-platform-backend-backend/internal/infra/web/auth.handler.go:92.2,92.27 1 0
appointment-platform-backend-backend/internal/infra/web/auth.handler.go:95.62,98.49 2 0
appointment-platform-backend-backend/internal/infra/web/auth.handler.go:98.49,101.3 2 0
appointment-platform-backend-backend/internal/infra/web/auth.handler.go:103.2,108.16 2 0
appointment-platform-backend-backend/internal/infra/web/auth.handler.go:108.16,109.60 1 0
appointment-platform-backend-backend/internal/infra/web/auth.handler.go:109.60,112.4 2 0
appointment-platform-backend-backend/internal/infra/web/auth.handler.go:114.3,115.9 2 0
[...]
appointment-platform-backend-backend/internal/infra/repository/mongo/reset_password_code/reset_password_code.repository.go:60.2,60.42 1 0
appointment-platform-backend-backend/internal/infra/repository/mongo/reset_password_code/reset_password_code.repository.go:63.110,70.16 3 0
appointment-platform-backend-backend/internal/infra/repository/mongo/reset_password_code/reset_password_code.repository.go:70.16,72.3 1 0
appointment-platform-backend-backend/internal/infra/repository/mongo/reset_password_code/reset_password_code.repository.go:74.2,74.18 1 0
appointment-platform-backend-backend/internal/infra/repository/mongo/reset_password_code/reset_password_code.repository.go:77.103,87.2 2 0
appointment-platform-backend-backend/internal/infra/repository/mongo/user/user.repository.go:20.86,27.2 2 0
appointment-platform-backend-backend/internal/infra/repository/mongo/user/user.repository.go:29.79,32.27 2 0
appointment-platform-backend-backend/internal/infra/repository/mongo/user/user.repository.go:32.27,35.3 2 0
appointment-platform-backend-backend/internal/infra/repository/mongo/user/user.repository.go:37.2,46.12 2 0
appointment-platform-backend-backend/internal/infra/repository/mongo/user/user.repository.go:49.96,58.16 4 0
appointment-platform-backend-backend/internal/infra/repository/mongo/user/user.repository.go:58.16,59.43 1 0
appointment-platform-backend-backend/internal/infra/repository/mongo/user/user.repository.go:59.43,61.4 1 0
appointment-platform-backend-backend/internal/infra/repository/mongo/user/user.repository.go:63.3,63.18 1 0
appointment-platform-backend-backend/internal/infra/repository/mongo/user/user.repository.go:66.2,73.21 2 0
appointment-platform-backend-backend/internal/infra/repository/mongo/user/user.repository.go:76.130,86.16 4 0
appointment-platform-backend-backend/internal/infra/repository/mongo/user/user.repository.go:86.16,87.43 1 0
appointment-platform-backend-backend/internal/infra/repository/mongo/user/user.repository.go:87.43,89.4 1 0
appointment-platform-backend-backend/internal/infra/repository/mongo/user/user.repository.go:91.3,91.18 1 0
appointment-platform-backend-backend/internal/infra/repository/mongo/user/user.repository.go:94.2,98.28 1 0
appointment-platform-backend-backend/internal/infra/repository/mongo/user/user.repository.go:98.28,99.29 1 0
appointment-platform-backend-backend/internal/infra/repository/mongo/user/user.repository.go:99.29,101.5 1 0
appointment-platform-backend-backend/internal/infra/repository/mongo/user/user.repository.go:102.4,103.13 2 0
appointment-platform-backend-backend/internal/infra/repository/mongo/user/user.repository.go:108.2,108.21 1 0
appointment-platform-backend-backend/internal/infra/repository/mongo/user/user.repository.go:111.96,117.24 3 0
appointment-platform-backend-backend/internal/infra/repository/mongo/user/user.repository.go:117.24,119.3 1 0
appointment-platform-backend-backend/internal/infra/repository/mongo/user/user.repository.go:120.2,120.23 1 0
appointment-platform-backend-backend/internal/infra/repository/mongo/user/user.repository.go:120.23,122.3 1 0
appointment-platform-backend-backend/internal/infra/repository/mongo/user/user.repository.go:124.2,124.24 1 0
appointment-platform-backend-backend/internal/infra/repository/mongo/user/user.repository.go:124.24,129.17 3 0
appointment-platform-backend-backend/internal/infra/repository/mongo/user/user.repository.go:129.17,131.4 1 0
appointment-platform-backend-backend/internal/infra/repository/mongo/user/user.repository.go:134.2,134.12 1 0
appointment-platform-backend-backend/internal/infra/repository/mongo/user/user.repository.go:137.105,144.30 3 0
appointment-platform-backend-backend/internal/infra/repository/mongo/user/user.repository.go:144.30,148.3 1 0
appointment-platform-backend-backend/internal/infra/repository/mongo/user/user.repository.go:150.2,150.25 1 0
appointment-platform-backend-backend/internal/infra/repository/mongo/user/user.repository.go:150.25,152.17 2 0
appointment-platform-backend-backend/internal/infra/repository/mongo/user/user.repository.go:152.17,154.4 1 0
appointment-platform-backend-backend/internal/infra/repository/mongo/user/user.repository.go:157.2,157.12 1 0
appointment-platform-backend-backend/internal/infra/web/appointment.handler.go:12.61,15.16 2 0
appointment-platform-backend-backend/internal/infra/web/appointment.handler.go:15.16,18.3 2 0
appointment-platform-backend-backend/internal/infra/web/appointment.handler.go:20.2,26.9 4 0
appointment-platform-backend-backend/internal/infra/web/appointment.handler.go:26.9,29.3 2 0
appointment-platform-backend-backend/internal/infra/web/appointment.handler.go:31.2,37.31 1 0
appointment-platform-backend-backend/internal/infra/web/appointment.handler.go:37.31,40.3 2 0
appointment-platform-backend-backend/internal/infra/web/appointment.handler.go:42.2,55.16 3 0
appointment-platform-backend-backend/internal/infra/web/appointment.handler.go:55.16,58.3 2 0
appointment-platform-backend-backend/internal/infra/web/appointment.handler.go:60.2,60.27 1 0
appointment-platform-backend-backend/internal/infra/web/appointment.handler.go:63.60,70.9 4 0
appointment-platform-backend-backend/internal/infra/web/appointment.handler.go:70.9,73.3 2 0
appointment-platform-backend-backend/internal/infra/web/appointment.handler.go:75.2,75.58 1 0
appointment-platform-backend-backend/internal/infra/web/appointment.handler.go:75.58,78.3 2 0
appointment-platform-backend-backend/internal/infra/web/appointment.handler.go:80.2,82.28 2 0
appointment-platform-backend-backend/internal/infra/web/appointment.handler.go:82.28,85.17 2 0
appointment-platform-backend-backend/internal/infra/web/appointment.handler.go:85.17,87.4 1 0
appointment-platform-backend-backend/internal/infra/web/appointment.handler.go:90.2,98.16 2 0
appointment-platform-backend-backend/internal/infra/web/appointment.handler.go:98.16,101.3 2 0
appointment-platform-backend-backend/internal/infra/web/appointment.handler.go:103.2,103.35 1 0
appointment-platform-backend-backend/internal/infra/web/appointment.handler.go:106.59,109.16 2 0
appointment-platform-backend-backend/internal/infra/web/appointment.handler.go:109.16,112.3 2 0
appointment-platform-backend-backend/internal/infra/web/appointment.handler.go:114.2,116.28 2 0
appointment-platform-backend-backend/internal/infra/web/appointment.handler.go:116.28,119.3 2 0
appointment-platform-backend-backend/internal/infra/web/appointment.handler.go:121.2,125.30 2 0
appointment-platform-backend-backend/internal/infra/web/appointment.handler.go:125.30,127.3 1 0
appointment-platform-backend-backend/internal/infra/web/appointment.handler.go:129.2,129.34 1 0
appointment-platform-backend-backend/internal/infra/web/appointment.handler.go:129.34,131.3 1 0
appointment-platform-backend-backend/internal/infra/web/appointment.handler.go:133.2,133.32 1 0
appointment-platform-backend-backend/internal/infra/web/appointment.handler.go:133.32,135.3 1 0
appointment-platform-backend-backend/internal/infra/web/appointment.handler.go:137.2,137.33 1 0
appointment-platform-backend-backend/internal/infra/web/appointment.handler.go:137.33,139.3 1 0
appointment-platform-backend-backend/internal/infra/web/appointment.handler.go:141.2,143.16 2 0
appointment-platform-backend-backend/internal/infra/web/appointment.handler.go:143.16,146.3 2 0
appointment-platform-backend-backend/internal/infra/web/appointment.handler.go:148.2,148.27 1 0
appointment-platform-backend-backend/internal/infra/web/appointment.handler.go:151.61,154.57 2 0
appointment-platform-backend-backend/internal/infra/web/appointment.handler.go:154.57,157.3 2 0
appointment-platform-backend-backend/internal/infra/web/appointment.handler.go:159.2,161.16 2 0
appointment-platform-backend-backend/internal/infra/web/appointment.handler.go:161.16,164.3 2 0
appointment-platform-backend-backend/internal/infra/web/appointment.handler.go:166.2,166.27 1 0
appointment-platform-backend-backend/internal/infra/web/appointment.handler.go:169.57,172.50 2 0
appointment-platform-backend-backend/internal/infra/web/appointment.handler.go:172.50,175.3 2 0
appointment-platform-backend-backend/internal/infra/web/appointment.handler.go:177.2,179.16 2 0
appointment-platform-backend-backend/internal/infra/web/appointment.handler.go:179.16,182.3 2 0
appointment-platform-backend-backend/internal/infra/web/appointment.handler.go:184.2,184.27 1 0
appointment-platform-backend-backend/internal/infra/web/auth.handler.go:13.48,16.49 2 0
appointment-platform-backend-backend/internal/infra/web/auth.handler.go:16.49,18.3 1 0
appointment-platform-backend-backend/internal/infra/web/auth.handler.go:20.2,22.16 2 0
appointment-platform-backend-backend/internal/infra/web/auth.handler.go:22.16,25.3 2 0
appointment-platform-backend-backend/internal/infra/web/auth.handler.go:27.2,27.35 1 0
appointment-platform-backend-backend/internal/infra/web/auth.handler.go:30.54,33.49 2 0
appointment-platform-backend-backend/internal/infra/web/auth.handler.go:33.49,36.3 2 0
appointment-platform-backend-backend/internal/infra/web/auth.handler.go:38.2,40.16 2 0
appointment-platform-backend-backend/internal/infra/web/auth.handler.go:40.16,41.60 1 0
appointment-platform-backend-backend/internal/infra/web/auth.handler.go:41.60,44.4 2 0
appointment-platform-backend-backend/internal/infra/web/auth.handler.go:46.3,47.9 2 0
appointment-platform-backend-backend/internal/infra/web/auth.handler.go:50.2,50.35 1 0
appointment-platform-backend-backend/internal/infra/web/auth.handler.go:53.69,56.49 2 0
appointment-platform-backend-backend/internal/infra/web/auth.handler.go:56.49,59.3 2 0
appointment-platform-backend-backend/internal/infra/web/auth.handler.go:61.2,63.16 2 0
appointment-platform-backend-backend/internal/infra/web/auth.handler.go:63.16,66.3 2 0
appointment-platform-backend-backend/internal/infra/web/auth.handler.go:68.2,68.27 1 0
appointment-platform-backend-backend/internal/infra/web/auth.handler.go:71.57,74.49 2 0
appointment-platform-backend-backend/internal/infra/web/auth.handler.go:74.49,77.3 2 0
appointment-platform-backend-backend/internal/infra/web/auth.handler.go:79.2,86.16 3 0
appointment-platform-backend-backend/internal/infra/web/auth.handler.go:86.16,90.3 2 0
appointment-platform-backend-backend/internal/infra/web/auth.handler.go:92.2,92.27 1 0
appointment-platform-backend-backend/internal/infra/web/auth.handler.go:95.62,98.49 2 0
appointment-platform-backend-backend/internal/infra/web/auth.handler.go:98.49,101.3 2 0
appointment-platform-backend-backend/internal/infra/web/auth.handler.go:103.2,108.16 2 0
appointment-platform-backend-backend/internal/infra/web/auth.handler.go:108.16,109.60 1 0
appointment-platform-backend-backend/internal/infra/web/auth.handler.go:109.60,112.4 2 0
appointment-platform-backend-backend/internal/infra/web/auth.handler.go:114.3,115.9 2 0
appointment-platform-backend-backend/internal/infra/web/auth.handler.go:118.2,118.35 1 0
appointment-platform-backend-backend/internal/infra/web/health_check.handler.go:10.55,16.2 2 0
appointment-platform-backend-backend/internal/infra/web/patient.handler.go:12.57,19.9 4 0
appointment-platform-backend-backend/internal/infra/web/patient.handler.go:19.9,22.3 2 0
appointment-platform-backend-backend/internal/infra/web/patient.handler.go:24.2,24.16 1 0
appointment-platform-backend-backend/internal/infra/web/patient.handler.go:24.16,27.3 2 0
appointment-platform-backend-backend/internal/infra/web/patient.handler.go:29.2,31.55 2 0
appointment-platform-backend-backend/internal/infra/web/patient.handler.go:31.55,34.3 2 0
appointment-platform-backend-backend/internal/infra/web/patient.handler.go:36.2,51.16 6 0
appointment-platform-backend-backend/internal/infra/web/patient.handler.go:51.16,54.3 2 0
appointment-platform-backend-backend/internal/infra/web/patient.handler.go:56.2,56.27 1 0
appointment-platform-backend-backend/internal/infra/web/patient.handler.go:59.55,66.9 4 0
appointment-platform-backend-backend/internal/infra/web/patient.handler.go:66.9,69.3 2 0
appointment-platform-backend-backend/internal/infra/web/patient.handler.go:71.2,71.58 1 0
appointment-platform-backend-backend/internal/infra/web/patient.handler.go:71.58,74.3 2 0
appointment-platform-backend-backend/internal/infra/web/patient.handler.go:76.2,78.28 2 0
appointment-platform-backend-backend/internal/infra/web/patient.handler.go:78.28,81.17 2 0
appointment-platform-backend-backend/internal/infra/web/patient.handler.go:81.17,83.4 1 0
appointment-platform-backend-backend/internal/infra/web/patient.handler.go:86.2,95.16 2 0
appointment-platform-backend-backend/internal/infra/web/patient.handler.go:95.16,98.3 2 0
appointment-platform-backend-backend/internal/infra/web/patient.handler.go:100.2,100.35 1 0
appointment-platform-backend-backend/internal/infra/web/patient.handler.go:103.57,106.57 2 0
appointment-platform-backend-backend/internal/infra/web/patient.handler.go:106.57,109.3 2 0
appointment-platform-backend-backend/internal/infra/web/patient.handler.go:111.2,113.16 2 0
appointment-platform-backend-backend/internal/infra/web/patient.handler.go:113.16,116.3 2 0
appointment-platform-backend-backend/internal/infra/web/patient.handler.go:118.2,118.27 1 0
appointment-platform-backend-backend/internal/infra/web/patient.handler.go:121.55,125.48 3 0
appointment-platform-backend-backend/internal/infra/web/patient.handler.go:125.48,128.3 2 0
appointment-platform-backend-backend/internal/infra/web/patient.handler.go:130.2,130.16 1 0
appointment-platform-backend-backend/internal/infra/web/patient.handler.go:130.16,133.3 2 0
appointment-platform-backend-backend/internal/infra/web/patient.handler.go:135.2,141.9 4 0
appointment-platform-backend-backend/internal/infra/web/patient.handler.go:141.9,144.3 2 0
appointment-platform-backend-backend/internal/infra/web/patient.handler.go:146.2,151.28 2 0
appointment-platform-backend-backend/internal/infra/web/patient.handler.go:151.28,153.3 1 0
appointment-platform-backend-backend/internal/infra/web/patient.handler.go:155.2,155.29 1 0
appointment-platform-backend-backend/internal/infra/web/patient.handler.go:155.29,157.3 1 0
appointment-platform-backend-backend/internal/infra/web/patient.handler.go:159.2,159.29 1 0
appointment-platform-backend-backend/internal/infra/web/patient.handler.go:159.29,161.3 1 0
appointment-platform-backend-backend/internal/infra/web/patient.handler.go:163.2,163.31 1 0
appointment-platform-backend-backend/internal/infra/web/patient.handler.go:163.31,165.3 1 0
appointment-platform-backend-backend/internal/infra/web/patient.handler.go:167.2,169.16 2 0
appointment-platform-backend-backend/internal/infra/web/patient.handler.go:169.16,172.3 2 0
appointment-platform-backend-backend/internal/infra/web/patient.handler.go:174.2,174.27 1 0
appointment-platform-backend-backend/internal/infra/web/response.go:11.64,13.2 1 0
appointment-platform-backend-backend/internal/infra/web/response.go:15.52,18.2 1 0
appointment-platform-backend-backend/internal/infra/web/response.go:19.47,23.2 2 0
appointment-platform-backend-backend/internal/infra/web/response.go:25.72,26.25 1 0
appointment-platform-backend-backend/internal/infra/web/response.go:27.35,28.34 1 0
appointment-platform-backend-backend/internal/infra/web/response.go:29.10,32.4 1 0
appointment-platform-backend-backend/internal/infra/web/routes.go:9.61,10.2 1 0
appointment-platform-backend-backend/internal/infra/web/routes.go:10.2,12.3 2 0
appointment-platform-backend-backend/internal/infra/web/routes.go:12.3,18.4 5 0
appointment-platform-backend-backend/internal/infra/web/routes.go:21.2,23.3 2 0
appointment-platform-backend-backend/internal/infra/web/routes.go:23.3,28.4 4 0
appointment-platform-backend-backend/internal/infra/web/routes.go:31.2,33.3 2 0
appointment-platform-backend-backend/internal/infra/web/routes.go:33.3,38.4 4 0
appointment-platform-backend-backend/internal/infra/web/routes.go:41.2,43.3 2 0
appointment-platform-backend-backend/internal/infra/web/routes.go:43.3,49.4 5 0
appointment-platform-backend-backend/internal/infra/web/routes.go:52.2,54.3 2 0
appointment-platform-backend-backend/internal/infra/web/routes.go:54.3,56.4 1 0
appointment-platform-backend-backend/internal/infra/web/routes.go:59.2,59.15 1 0
appointment-platform-backend-backend/internal/infra/web/server.go:55.11,87.2 5 0
appointment-platform-backend-backend/internal/infra/web/server.go:89.46,91.2 1 0
appointment-platform-backend-backend/internal/infra/web/user.handler.go:11.54,14.16 2 0
appointment-platform-backend-backend/internal/infra/web/user.handler.go:14.16,17.3 2 0
appointment-platform-backend-backend/internal/infra/web/user.handler.go:19.2,32.16 5 0
appointment-platform-backend-backend/internal/infra/web/user.handler.go:32.16,35.3 2 0
appointment-platform-backend-backend/internal/infra/web/user.handler.go:37.2,37.27 1 0
appointment-platform-backend-backend/internal/infra/web/user.handler.go:40.60,43.49 2 0
appointment-platform-backend-backend/internal/infra/web/user.handler.go:43.49,46.3 2 0
appointment-platform-backend-backend/internal/infra/web/user.handler.go:48.2,55.16 2 0
appointment-platform-backend-backend/internal/infra/web/user.handler.go:55.16,58.3 2 0
appointment-platform-backend-backend/internal/infra/web/user.handler.go:60.2,60.27 1 0
appointment-platform-backend-backend/internal/infra/web/user.handler.go:63.58,66.48 2 0
appointment-platform-backend-backend/internal/infra/web/user.handler.go:66.48,69.3 2 0
appointment-platform-backend-backend/internal/infra/web/user.handler.go:71.2,73.16 2 0
appointment-platform-backend-backend/internal/infra/web/user.handler.go:73.16,76.3 2 0
appointment-platform-backend-backend/internal/infra/web/user.handler.go:78.2,78.21 1 0
appointment-platform-backend-backend/internal/infra/web/user.handler.go:78.21,81.3 2 0
appointment-platform-backend-backend/internal/infra/web/user.handler.go:83.2,83.35 1 0
appointment-platform-backend-backend/internal/infra/web/user.handler.go:86.54,89.16 2 0
appointment-platform-backend-backend/internal/infra/web/user.handler.go:89.16,92.3 2 0
appointment-platform-backend-backend/internal/infra/web/user.handler.go:94.2,100.9 4 0
appointment-platform-backend-backend/internal/infra/web/user.handler.go:100.9,103.3 2 0
appointment-platform-backend-backend/internal/infra/web/user.handler.go:105.2,109.28 2 0
appointment-platform-backend-backend/internal/infra/web/user.handler.go:109.28,111.3 1 0
appointment-platform-backend-backend/internal/infra/web/user.handler.go:113.2,115.16 2 0
appointment-platform-backend-backend/internal/infra/web/user.handler.go:115.16,118.3 2 0
appointment-platform-backend-backend/internal/infra/web/user.handler.go:120.2,120.27 1 0
appointment-platform-backend-backend/internal/infra/web/user.handler.go:123.28,125.2 1 0
appointment-platform-backend-backend/internal/infra/web/middleware/auth.middleware.go:20.42,21.30 1 0
appointment-platform-backend-backend/internal/infra/web/middleware/auth.middleware.go:21.30,25.23 3 0
appointment-platform-backend-backend/internal/infra/web/middleware/auth.middleware.go:25.23,28.4 2 0
appointment-platform-backend-backend/internal/infra/web/middleware/auth.middleware.go:30.3,32.108 2 0
appointment-platform-backend-backend/internal/infra/web/middleware/auth.middleware.go:32.108,33.59 1 0
appointment-platform-backend-backend/internal/infra/web/middleware/auth.middleware.go:33.59,35.5 1 0
appointment-platform-backend-backend/internal/infra/web/middleware/auth.middleware.go:36.4,36.25 1 0
appointment-platform-backend-backend/internal/infra/web/middleware/auth.middleware.go:39.3,39.17 1 0
appointment-platform-backend-backend/internal/infra/web/middleware/auth.middleware.go:39.17,42.4 2 0
appointment-platform-backend-backend/internal/infra/web/middleware/auth.middleware.go:44.3,44.65 1 0
appointment-platform-backend-backend/internal/infra/web/middleware/auth.middleware.go:44.65,48.4 3 0
appointment-platform-backend-backend/internal/infra/web/middleware/auth.middleware.go:48.9,50.4 1 0
